Constructing tool from setup file walk_Setup_ID.xml.

-----------------------------------------------------------------------
Starting Inverse Dynamics
-----------------------------------------------------------------------
-----------------------------------------------------------------------

Loaded model walk_subject01 from file ../subject01.osim
               MODEL: walk_subject01
         coordinates: 10
              forces: 18
           actuators: 18
             muscles: 18
            analyses: 0
              probes: 0
              bodies: 13
              joints: 12
         constraints: 0
             markers: 39
         controllers: 0
  contact geometries: 0
misc modelcomponents: 0
Running tool walk_subject.

Storage: file=../IK/subject01_walk_IK.mot (nr=151 nc=11)


Low-pass filtering coordinates data with a cutoff frequency of 6...

Storage: file=subject01_walk_grf.mot (nr=1501 nc=19)
InverseDynamicsTool: 151 time frames in 0.234s

Inverse dynamics compute time = 468ms

