Constructing investigation from setup file walk_Setup_CMC_gui.xml.

AbstractTool walk_subject loading model 'E:/aseth/Development/OpenSim/Models/Gait10dof18musc/CMC/../subject01.osim'
Loaded model walk_subject01 from file E:/aseth/Development/OpenSim/Models/Gait10dof18musc/CMC/../subject01.osim
Adding force object set from E:/aseth/Development/OpenSim/Models/Gait10dof18musc/CMC/../gait10dof_Reserve_Actuators.xml
-----------------------------------------------------------------------
Loaded library
-----------------------------------------------------------------------
               MODEL: walk_subject01
         coordinates: 10
              forces: 28
           actuators: 28
             muscles: 18
            analyses: 1
              probes: 0
              bodies: 13
              joints: 12
         constraints: 0
             markers: 39
         controllers: 0
  contact geometries: 0
misc modelcomponents: 0
-----------------------------------------------------------------------

Running tool walk_subject.
Storage: file=subject01_walk_grf.mot (nr=1501 nc=19)


 taskSet size = 10

CMC::Warning: CMC cannot compute controls for muscles with muscle controls < 0.02.
The minimum control limit for muscle 'hamstrings_r' has been reset to 0.02.
CMC::Warning: CMC cannot compute controls for muscles with muscle controls < 0.02.
The minimum control limit for muscle 'bifemsh_r' has been reset to 0.02.
CMC::Warning: CMC cannot compute controls for muscles with muscle controls < 0.02.
The minimum control limit for muscle 'glut_max_r' has been reset to 0.02.
CMC::Warning: CMC cannot compute controls for muscles with muscle controls < 0.02.
The minimum control limit for muscle 'iliopsoas_r' has been reset to 0.02.
CMC::Warning: CMC cannot compute controls for muscles with muscle controls < 0.02.
The minimum control limit for muscle 'rect_fem_r' has been reset to 0.02.
CMC::Warning: CMC cannot compute controls for muscles with muscle controls < 0.02.
The minimum control limit for muscle 'vasti_r' has been reset to 0.02.
CMC::Warning: CMC cannot compute controls for muscles with muscle controls < 0.02.
The minimum control limit for muscle 'gastroc_r' has been reset to 0.02.
CMC::Warning: CMC cannot compute controls for muscles with muscle controls < 0.02.
The minimum control limit for muscle 'soleus_r' has been reset to 0.02.
CMC::Warning: CMC cannot compute controls for muscles with muscle controls < 0.02.
The minimum control limit for muscle 'tib_ant_r' has been reset to 0.02.
CMC::Warning: CMC cannot compute controls for muscles with muscle controls < 0.02.
The minimum control limit for muscle 'hamstrings_l' has been reset to 0.02.
CMC::Warning: CMC cannot compute controls for muscles with muscle controls < 0.02.
The minimum control limit for muscle 'bifemsh_l' has been reset to 0.02.
CMC::Warning: CMC cannot compute controls for muscles with muscle controls < 0.02.
The minimum control limit for muscle 'glut_max_l' has been reset to 0.02.
CMC::Warning: CMC cannot compute controls for muscles with muscle controls < 0.02.
The minimum control limit for muscle 'iliopsoas_l' has been reset to 0.02.
CMC::Warning: CMC cannot compute controls for muscles with muscle controls < 0.02.
The minimum control limit for muscle 'rect_fem_l' has been reset to 0.02.
CMC::Warning: CMC cannot compute controls for muscles with muscle controls < 0.02.
The minimum control limit for muscle 'vasti_l' has been reset to 0.02.
CMC::Warning: CMC cannot compute controls for muscles with muscle controls < 0.02.
The minimum control limit for muscle 'gastroc_l' has been reset to 0.02.
CMC::Warning: CMC cannot compute controls for muscles with muscle controls < 0.02.
The minimum control limit for muscle 'soleus_l' has been reset to 0.02.
CMC::Warning: CMC cannot compute controls for muscles with muscle controls < 0.02.
The minimum control limit for muscle 'tib_ant_l' has been reset to 0.02.


WARN- a desired points file was not specified.



Loading desired kinematics from file E:/aseth/Development/OpenSim/Models/Gait10dof18musc/CMC/../RRA/Results/subject_adjusted_Kinematics_q.sto ...

Loading q's from file E:/aseth/Development/OpenSim/Models/Gait10dof18musc/CMC/../RRA/Results/subject_adjusted_Kinematics_q.sto.
Storage: file=E:/aseth/Development/OpenSim/Models/Gait10dof18musc/CMC/../RRA/Results/subject_adjusted_Kinematics_q.sto (nr=2537 nc=11)
Found 2536 q's with time stamps ranging
from 0 to 2.499.


Note- not filtering the desired kinematics.

MODEL: walk_subject01

ANALYSES (1)
analysis[0] = MetabolicsReporter

BODIES (13)
body[0] = ground (mass: 0) (inertia: 0 0 0 0 0 0 0 0 0)
body[1] = pelvis (mass: 11.3752) (inertia: 0.104234 0 0 0 0.0883147 0 0 0 0.0587075)
body[2] = femur_r (mass: 8.98404) (inertia: 0.170221 0 0 0 0.044621 0 0 0 0.179501)
body[3] = tibia_r (mass: 3.581) (inertia: 0.0475694 0 0 0 0.00481357 0 0 0 0.0482301)
body[4] = talus_r (mass: 0.096588) (inertia: 0.00119861 0 0 0 0.00119861 0 0 0 0.00119861)
body[5] = calcn_r (mass: 1.20735) (inertia: 0.00142646 0 0 0 0.00397371 0 0 0 0.00417749)
body[6] = toes_r (mass: 0.20921) (inertia: 0.00010189 0 0 0 0.00020378 0 0 0 0.00010189)
body[7] = femur_l (mass: 8.98404) (inertia: 0.170221 0 0 0 0.044621 0 0 0 0.179501)
body[8] = tibia_l (mass: 3.581) (inertia: 0.0475694 0 0 0 0.00481357 0 0 0 0.0482301)
body[9] = talus_l (mass: 0.096588) (inertia: 0.00119861 0 0 0 0.00119861 0 0 0 0.00119861)
body[10] = calcn_l (mass: 1.20735) (inertia: 0.00142646 0 0 0 0.00397371 0 0 0 0.00417749)
body[11] = toes_l (mass: 0.20921) (inertia: 0.00010189 0 0 0 0.00020378 0 0 0 0.00010189)
body[12] = torso (mass: 33.0685) (inertia: 1.66031 0 0 0 0.850707 0 0 0 1.61178)

ACTUATORS (28)
actuator[0] = hamstrings_r
actuator[1] = bifemsh_r
actuator[2] = glut_max_r
actuator[3] = iliopsoas_r
actuator[4] = rect_fem_r
actuator[5] = vasti_r
actuator[6] = gastroc_r
actuator[7] = soleus_r
actuator[8] = tib_ant_r
actuator[9] = hamstrings_l
actuator[10] = bifemsh_l
actuator[11] = glut_max_l
actuator[12] = iliopsoas_l
actuator[13] = rect_fem_l
actuator[14] = vasti_l
actuator[15] = gastroc_l
actuator[16] = soleus_l
actuator[17] = tib_ant_l
actuator[18] = FX
actuator[19] = FY
actuator[20] = MZ
actuator[21] = hip_flexion_r_reserve
actuator[22] = knee_angle_r_reserve
actuator[23] = ankle_angle_r_reserve
actuator[24] = hip_flexion_l_reserve
actuator[25] = knee_angle_l_reserve
actuator[26] = ankle_angle_l_reserve
actuator[27] = lumbar_extension_reserve
numStates = 56
numCoordinates = 10
numSpeeds = 10
numActuators = 28
numBodies = 13
numConstraints = 0
numProbes = 0

STATES (56)
y[0] = pelvis_tilt
y[1] = pelvis_tx
y[2] = pelvis_ty
y[3] = hip_flexion_r
y[4] = knee_angle_r
y[5] = ankle_angle_r
y[6] = hip_flexion_l
y[7] = knee_angle_l
y[8] = ankle_angle_l
y[9] = lumbar_extension
y[10] = pelvis_tilt_u
y[11] = pelvis_tx_u
y[12] = pelvis_ty_u
y[13] = hip_flexion_r_u
y[14] = knee_angle_r_u
y[15] = ankle_angle_r_u
y[16] = hip_flexion_l_u
y[17] = knee_angle_l_u
y[18] = ankle_angle_l_u
y[19] = lumbar_extension_u
y[20] = hamstrings_r.activation
y[21] = hamstrings_r.fiber_length
y[22] = bifemsh_r.activation
y[23] = bifemsh_r.fiber_length
y[24] = glut_max_r.activation
y[25] = glut_max_r.fiber_length
y[26] = iliopsoas_r.activation
y[27] = iliopsoas_r.fiber_length
y[28] = rect_fem_r.activation
y[29] = rect_fem_r.fiber_length
y[30] = vasti_r.activation
y[31] = vasti_r.fiber_length
y[32] = gastroc_r.activation
y[33] = gastroc_r.fiber_length
y[34] = soleus_r.activation
y[35] = soleus_r.fiber_length
y[36] = tib_ant_r.activation
y[37] = tib_ant_r.fiber_length
y[38] = hamstrings_l.activation
y[39] = hamstrings_l.fiber_length
y[40] = bifemsh_l.activation
y[41] = bifemsh_l.fiber_length
y[42] = glut_max_l.activation
y[43] = glut_max_l.fiber_length
y[44] = iliopsoas_l.activation
y[45] = iliopsoas_l.fiber_length
y[46] = rect_fem_l.activation
y[47] = rect_fem_l.fiber_length
y[48] = vasti_l.activation
y[49] = vasti_l.fiber_length
y[50] = gastroc_l.activation
y[51] = gastroc_l.fiber_length
y[52] = soleus_l.activation
y[53] = soleus_l.fiber_length
y[54] = tib_ant_l.activation
y[55] = tib_ant_l.fiber_length

Constructing function set for tracking desired kinematics...

No Actuation analysis found in analysis set -- adding one
No Kinematics analysis found in analysis set -- adding one
Using the generalized coordinates specified in E:/aseth/Development/OpenSim/Models/Gait10dof18musc/CMC/../RRA/Results/subject_adjusted_Kinematics_q.sto to set the initial configuration.

Using IPOPT optimizer algorithm.

Setting optimizer print level to 0.
Setting optimizer convergence tolerance to 1e-005.
Setting optimizer maximum iterations to 1000.

Setting cmc controller to not use verbose printing.



================================================================
================================================================
Computing initial values for muscles states (activation, length)
Start time = Tue Jul 09 23:30:52 2013

================================================================
CMC.computeControls:  t = 0.6
CMC.computeControls:  t = 0.6

-----------------------------------------------------------------
Finished computing initial states:
-----------------------------------------------------------------
=================================================================
Start time   = Tue Jul 09 23:30:52 2013
Finish time  = Tue Jul 09 23:30:57 2013
Elapsed time = 5 seconds.
=================================================================



================================================================
================================================================
Using CMC to track the specified kinematics
Integrating from 0.63 to 1.9
Start time = Tue Jul 09 23:30:57 2013
================================================================
CMC.computeControls:  t = 0.63
CMC.computeControls:  t = 0.635
CMC.computeControls:  t = 0.64
CMC.computeControls:  t = 0.645
CMC.computeControls:  t = 0.65
CMC.computeControls:  t = 0.655
CMC.computeControls:  t = 0.66
CMC.computeControls:  t = 0.665
CMC.computeControls:  t = 0.67
CMC.computeControls:  t = 0.675
CMC.computeControls:  t = 0.68
CMC.computeControls:  t = 0.685
CMC.computeControls:  t = 0.69
CMC.computeControls:  t = 0.695
CMC.computeControls:  t = 0.7
CMC.computeControls:  t = 0.705
CMC.computeControls:  t = 0.71
CMC.computeControls:  t = 0.715
CMC.computeControls:  t = 0.72
CMC.computeControls:  t = 0.725
CMC.computeControls:  t = 0.73
CMC.computeControls:  t = 0.735
CMC.computeControls:  t = 0.74
CMC.computeControls:  t = 0.745
CMC.computeControls:  t = 0.75
CMC.computeControls:  t = 0.755
CMC.computeControls:  t = 0.76
CMC.computeControls:  t = 0.765
CMC.computeControls:  t = 0.77
CMC.computeControls:  t = 0.775
CMC.computeControls:  t = 0.78
CMC.computeControls:  t = 0.785
CMC.computeControls:  t = 0.79
CMC.computeControls:  t = 0.795
CMC.computeControls:  t = 0.8
CMC.computeControls:  t = 0.805
CMC.computeControls:  t = 0.81
CMC.computeControls:  t = 0.815
CMC.computeControls:  t = 0.82
CMC.computeControls:  t = 0.825
CMC.computeControls:  t = 0.83
CMC.computeControls:  t = 0.835
CMC.computeControls:  t = 0.84
CMC.computeControls:  t = 0.845
CMC.computeControls:  t = 0.85
CMC.computeControls:  t = 0.855
CMC.computeControls:  t = 0.86
CMC.computeControls:  t = 0.865
CMC.computeControls:  t = 0.87
CMC.computeControls:  t = 0.875
CMC.computeControls:  t = 0.88
CMC.computeControls:  t = 0.885
CMC.computeControls:  t = 0.89
CMC.computeControls:  t = 0.895
CMC.computeControls:  t = 0.9
CMC.computeControls:  t = 0.905
CMC.computeControls:  t = 0.91
CMC.computeControls:  t = 0.915
CMC.computeControls:  t = 0.92
CMC.computeControls:  t = 0.925
CMC.computeControls:  t = 0.93
CMC.computeControls:  t = 0.935
CMC.computeControls:  t = 0.94
CMC.computeControls:  t = 0.945
CMC.computeControls:  t = 0.95
CMC.computeControls:  t = 0.955
CMC.computeControls:  t = 0.96
CMC.computeControls:  t = 0.965
CMC.computeControls:  t = 0.97
CMC.computeControls:  t = 0.975
CMC.computeControls:  t = 0.98
CMC.computeControls:  t = 0.985
CMC.computeControls:  t = 0.99
CMC.computeControls:  t = 0.995
CMC.computeControls:  t = 1
CMC.computeControls:  t = 1.005
CMC.computeControls:  t = 1.01
CMC.computeControls:  t = 1.015
CMC.computeControls:  t = 1.02
CMC.computeControls:  t = 1.025
CMC.computeControls:  t = 1.03
CMC.computeControls:  t = 1.035
CMC.computeControls:  t = 1.04
CMC.computeControls:  t = 1.045
CMC.computeControls:  t = 1.05
CMC.computeControls:  t = 1.055
CMC.computeControls:  t = 1.06
CMC.computeControls:  t = 1.065
CMC.computeControls:  t = 1.07
CMC.computeControls:  t = 1.075
CMC.computeControls:  t = 1.08
CMC.computeControls:  t = 1.085
CMC.computeControls:  t = 1.09
CMC.computeControls:  t = 1.095
CMC.computeControls:  t = 1.1
CMC.computeControls:  t = 1.105
CMC.computeControls:  t = 1.11
CMC.computeControls:  t = 1.115
CMC.computeControls:  t = 1.12
CMC.computeControls:  t = 1.125
CMC.computeControls:  t = 1.13
CMC.computeControls:  t = 1.135
CMC.computeControls:  t = 1.14
CMC.computeControls:  t = 1.145
CMC.computeControls:  t = 1.15
CMC.computeControls:  t = 1.155
CMC.computeControls:  t = 1.16
CMC.computeControls:  t = 1.165
CMC.computeControls:  t = 1.17
CMC.computeControls:  t = 1.175
CMC.computeControls:  t = 1.18
CMC.computeControls:  t = 1.185
CMC.computeControls:  t = 1.19
CMC.computeControls:  t = 1.195
CMC.computeControls:  t = 1.2
CMC.computeControls:  t = 1.205
CMC.computeControls:  t = 1.21
CMC.computeControls:  t = 1.215
CMC.computeControls:  t = 1.22
CMC.computeControls:  t = 1.225
CMC.computeControls:  t = 1.23
CMC.computeControls:  t = 1.235
CMC.computeControls:  t = 1.24
CMC.computeControls:  t = 1.245
CMC.computeControls:  t = 1.25
CMC.computeControls:  t = 1.255
CMC.computeControls:  t = 1.26
CMC.computeControls:  t = 1.265
CMC.computeControls:  t = 1.27
CMC.computeControls:  t = 1.275
CMC.computeControls:  t = 1.28
CMC.computeControls:  t = 1.285
CMC.computeControls:  t = 1.29
CMC.computeControls:  t = 1.295
CMC.computeControls:  t = 1.3
CMC.computeControls:  t = 1.305
CMC.computeControls:  t = 1.31
CMC.computeControls:  t = 1.315
CMC.computeControls:  t = 1.32
CMC.computeControls:  t = 1.325
CMC.computeControls:  t = 1.33
CMC.computeControls:  t = 1.335
CMC.computeControls:  t = 1.34
CMC.computeControls:  t = 1.345
CMC.computeControls:  t = 1.35
CMC.computeControls:  t = 1.355
CMC.computeControls:  t = 1.36
CMC.computeControls:  t = 1.365
CMC.computeControls:  t = 1.37
CMC.computeControls:  t = 1.375
CMC.computeControls:  t = 1.38
CMC.computeControls:  t = 1.385
CMC.computeControls:  t = 1.39
CMC.computeControls:  t = 1.395
CMC.computeControls:  t = 1.4
CMC.computeControls:  t = 1.405
CMC.computeControls:  t = 1.41
CMC.computeControls:  t = 1.415
CMC.computeControls:  t = 1.42
CMC.computeControls:  t = 1.425
CMC.computeControls:  t = 1.43
CMC.computeControls:  t = 1.435
CMC.computeControls:  t = 1.44
CMC.computeControls:  t = 1.445
CMC.computeControls:  t = 1.45
CMC.computeControls:  t = 1.455
CMC.computeControls:  t = 1.46
CMC.computeControls:  t = 1.465
CMC.computeControls:  t = 1.47
CMC.computeControls:  t = 1.475
CMC.computeControls:  t = 1.48
CMC.computeControls:  t = 1.485
CMC.computeControls:  t = 1.49
CMC.computeControls:  t = 1.495
CMC.computeControls:  t = 1.5
CMC.computeControls:  t = 1.505
CMC.computeControls:  t = 1.51
CMC.computeControls:  t = 1.515
CMC.computeControls:  t = 1.52
CMC.computeControls:  t = 1.525
CMC.computeControls:  t = 1.53
CMC.computeControls:  t = 1.535
CMC.computeControls:  t = 1.54
CMC.computeControls:  t = 1.545
CMC.computeControls:  t = 1.55
CMC.computeControls:  t = 1.555
CMC.computeControls:  t = 1.56
CMC.computeControls:  t = 1.565
CMC.computeControls:  t = 1.57
CMC.computeControls:  t = 1.575
CMC.computeControls:  t = 1.58
CMC.computeControls:  t = 1.585
CMC.computeControls:  t = 1.59
CMC.computeControls:  t = 1.595
CMC.computeControls:  t = 1.6
CMC.computeControls:  t = 1.605
CMC.computeControls:  t = 1.61
CMC.computeControls:  t = 1.615
CMC.computeControls:  t = 1.62
CMC.computeControls:  t = 1.625
CMC.computeControls:  t = 1.63
CMC.computeControls:  t = 1.635
CMC.computeControls:  t = 1.64
CMC.computeControls:  t = 1.645
CMC.computeControls:  t = 1.65
CMC.computeControls:  t = 1.655
CMC.computeControls:  t = 1.66
CMC.computeControls:  t = 1.665
CMC.computeControls:  t = 1.67
CMC.computeControls:  t = 1.675
CMC.computeControls:  t = 1.68
CMC.computeControls:  t = 1.685
CMC.computeControls:  t = 1.69
CMC.computeControls:  t = 1.695
CMC.computeControls:  t = 1.7
CMC.computeControls:  t = 1.705
CMC.computeControls:  t = 1.71
CMC.computeControls:  t = 1.715
CMC.computeControls:  t = 1.72
CMC.computeControls:  t = 1.725
CMC.computeControls:  t = 1.73
CMC.computeControls:  t = 1.735
CMC.computeControls:  t = 1.74
CMC.computeControls:  t = 1.745
CMC.computeControls:  t = 1.75
CMC.computeControls:  t = 1.755
CMC.computeControls:  t = 1.76
CMC.computeControls:  t = 1.765
CMC.computeControls:  t = 1.77
CMC.computeControls:  t = 1.775
CMC.computeControls:  t = 1.78
CMC.computeControls:  t = 1.785
CMC.computeControls:  t = 1.79
CMC.computeControls:  t = 1.795
CMC.computeControls:  t = 1.8
CMC.computeControls:  t = 1.805
CMC.computeControls:  t = 1.81
CMC.computeControls:  t = 1.815
CMC.computeControls:  t = 1.82
CMC.computeControls:  t = 1.825
CMC.computeControls:  t = 1.83
CMC.computeControls:  t = 1.835
CMC.computeControls:  t = 1.84
CMC.computeControls:  t = 1.845
CMC.computeControls:  t = 1.85
CMC.computeControls:  t = 1.855
CMC.computeControls:  t = 1.86
CMC.computeControls:  t = 1.865
CMC.computeControls:  t = 1.87
CMC.computeControls:  t = 1.875
CMC.computeControls:  t = 1.88
CMC.computeControls:  t = 1.885
CMC.computeControls:  t = 1.89
CMC.computeControls:  t = 1.895
----------------------------------------------------------------
Finished tracking the specified kinematics
=================================================================
Start time   = Tue Jul 09 23:30:57 2013
Finish time  = Tue Jul 09 23:34:12 2013
Elapsed time = 195 seconds.
================================================================


Printing results of investigation walk_subject to E:\aseth\Development\OpenSim\Models\Gait10dof18musc\CMC\Results.
