Constructing investigation from setup file walk_Setup_RRA.xml.

AbstractTool subject_adjusted loading model '../subject01.osim'
Loaded model walk_subject01 from file ../subject01.osim
Adding force object set from ../gait10dof_Reserve_Actuators.xml
-----------------------------------------------------------------------
Loaded library
-----------------------------------------------------------------------
               MODEL: walk_subject01
         coordinates: 10
              forces: 10
           actuators: 10
             muscles: 0
            analyses: 0
              probes: 0
              bodies: 13
              joints: 12
         constraints: 0
             markers: 39
         controllers: 0
  contact geometries: 0
misc modelcomponents: 0
-----------------------------------------------------------------------

Running tool subject_adjusted.
Storage: file=subject01_walk_grf.mot (nr=1501 nc=19)


 taskSet size = 10



WARN- a desired points file was not specified.



Loading desired kinematics from file E:\aseth\Development\OpenSim\Models\Gait10dof18musc\RRA\../IK/subject01_walk_IK.mot ...

Loading q's from file E:\aseth\Development\OpenSim\Models\Gait10dof18musc\RRA\../IK/subject01_walk_IK.mot.
Storage: file=E:\aseth\Development\OpenSim\Models\Gait10dof18musc\RRA\../IK/subject01_walk_IK.mot (nr=151 nc=11)
Found 151 q's with time stamps ranging
from 0 to 2.5.


Low-pass filtering desired kinematics with a cutoff frequency of 6...

MODEL: walk_subject01

ANALYSES (0)

BODIES (13)
body[0] = ground (mass: 0) (inertia: 0 0 0 0 0 0 0 0 0)
body[1] = pelvis (mass: 11.3752) (inertia: 0.104234 0 0 0 0.0883147 0 0 0 0.0587075)
body[2] = femur_r (mass: 8.98404) (inertia: 0.170221 0 0 0 0.044621 0 0 0 0.179501)
body[3] = tibia_r (mass: 3.581) (inertia: 0.0475694 0 0 0 0.00481357 0 0 0 0.0482301)
body[4] = talus_r (mass: 0.096588) (inertia: 0.00119861 0 0 0 0.00119861 0 0 0 0.00119861)
body[5] = calcn_r (mass: 1.20735) (inertia: 0.00142646 0 0 0 0.00397371 0 0 0 0.00417749)
body[6] = toes_r (mass: 0.20921) (inertia: 0.00010189 0 0 0 0.00020378 0 0 0 0.00010189)
body[7] = femur_l (mass: 8.98404) (inertia: 0.170221 0 0 0 0.044621 0 0 0 0.179501)
body[8] = tibia_l (mass: 3.581) (inertia: 0.0475694 0 0 0 0.00481357 0 0 0 0.0482301)
body[9] = talus_l (mass: 0.096588) (inertia: 0.00119861 0 0 0 0.00119861 0 0 0 0.00119861)
body[10] = calcn_l (mass: 1.20735) (inertia: 0.00142646 0 0 0 0.00397371 0 0 0 0.00417749)
body[11] = toes_l (mass: 0.20921) (inertia: 0.00010189 0 0 0 0.00020378 0 0 0 0.00010189)
body[12] = torso (mass: 33.0685) (inertia: 1.66031 0 0 0 0.850707 0 0 0 1.61178)

ACTUATORS (10)
actuator[0] = FX
actuator[1] = FY
actuator[2] = MZ
actuator[3] = hip_flexion_r_reserve
actuator[4] = knee_angle_r_reserve
actuator[5] = ankle_angle_r_reserve
actuator[6] = hip_flexion_l_reserve
actuator[7] = knee_angle_l_reserve
actuator[8] = ankle_angle_l_reserve
actuator[9] = lumbar_extension_reserve
numStates = 20
numCoordinates = 10
numSpeeds = 10
numActuators = 10
numBodies = 13
numConstraints = 0
numProbes = 0

STATES (20)
y[0] = pelvis_tilt
y[1] = pelvis_tx
y[2] = pelvis_ty
y[3] = hip_flexion_r
y[4] = knee_angle_r
y[5] = ankle_angle_r
y[6] = hip_flexion_l
y[7] = knee_angle_l
y[8] = ankle_angle_l
y[9] = lumbar_extension
y[10] = pelvis_tilt_u
y[11] = pelvis_tx_u
y[12] = pelvis_ty_u
y[13] = hip_flexion_r_u
y[14] = knee_angle_r_u
y[15] = ankle_angle_r_u
y[16] = hip_flexion_l_u
y[17] = knee_angle_l_u
y[18] = ankle_angle_l_u
y[19] = lumbar_extension_u

Constructing function set for tracking desired kinematics...

No Actuation analysis found in analysis set -- adding one
No Kinematics analysis found in analysis set -- adding one
Using the generalized coordinates specified in E:\aseth\Development\OpenSim\Models\Gait10dof18musc\RRA\../IK/subject01_walk_IK.mot to set the initial configuration.

Using IPOPT optimizer algorithm.

Setting optimizer print level to 0.
Setting optimizer convergence tolerance to 1e-005.
Setting optimizer maximum iterations to 2000.

Setting cmc controller to not use verbose printing.
CMC.computeControls:  t = 0



================================================================
================================================================
Using CMC to track the specified kinematics
Integrating from 0 to 2.5
Start time = Wed Jul 10 11:14:57 2013
================================================================
CMC.computeControls:  t = 0
CMC.computeControls:  t = 0.001
CMC.computeControls:  t = 0.002
CMC.computeControls:  t = 0.003
CMC.computeControls:  t = 0.004
CMC.computeControls:  t = 0.005
CMC.computeControls:  t = 0.006
CMC.computeControls:  t = 0.007
CMC.computeControls:  t = 0.008
CMC.computeControls:  t = 0.009
CMC.computeControls:  t = 0.01
CMC.computeControls:  t = 0.011
CMC.computeControls:  t = 0.012
CMC.computeControls:  t = 0.013
CMC.computeControls:  t = 0.014
CMC.computeControls:  t = 0.015
CMC.computeControls:  t = 0.016
CMC.computeControls:  t = 0.017
CMC.computeControls:  t = 0.018
CMC.computeControls:  t = 0.019
CMC.computeControls:  t = 0.02
CMC.computeControls:  t = 0.021
CMC.computeControls:  t = 0.022
CMC.computeControls:  t = 0.023
CMC.computeControls:  t = 0.024
CMC.computeControls:  t = 0.025
CMC.computeControls:  t = 0.026
CMC.computeControls:  t = 0.027
CMC.computeControls:  t = 0.028
CMC.computeControls:  t = 0.029
CMC.computeControls:  t = 0.03
CMC.computeControls:  t = 0.031
CMC.computeControls:  t = 0.032
CMC.computeControls:  t = 0.033
CMC.computeControls:  t = 0.034
CMC.computeControls:  t = 0.035
CMC.computeControls:  t = 0.036
CMC.computeControls:  t = 0.037
CMC.computeControls:  t = 0.038
CMC.computeControls:  t = 0.039
CMC.computeControls:  t = 0.04
CMC.computeControls:  t = 0.041
CMC.computeControls:  t = 0.042
CMC.computeControls:  t = 0.043
CMC.computeControls:  t = 0.044
CMC.computeControls:  t = 0.045
CMC.computeControls:  t = 0.046
CMC.computeControls:  t = 0.047
CMC.computeControls:  t = 0.048
CMC.computeControls:  t = 0.049
CMC.computeControls:  t = 0.05
CMC.computeControls:  t = 0.051
CMC.computeControls:  t = 0.052
CMC.computeControls:  t = 0.053
CMC.computeControls:  t = 0.054
CMC.computeControls:  t = 0.055
CMC.computeControls:  t = 0.056
CMC.computeControls:  t = 0.057
CMC.computeControls:  t = 0.058
CMC.computeControls:  t = 0.059
CMC.computeControls:  t = 0.06
CMC.computeControls:  t = 0.061
CMC.computeControls:  t = 0.062
CMC.computeControls:  t = 0.063
CMC.computeControls:  t = 0.064
CMC.computeControls:  t = 0.065
CMC.computeControls:  t = 0.066
CMC.computeControls:  t = 0.067
CMC.computeControls:  t = 0.068
CMC.computeControls:  t = 0.069
CMC.computeControls:  t = 0.07
CMC.computeControls:  t = 0.071
CMC.computeControls:  t = 0.072
CMC.computeControls:  t = 0.073
CMC.computeControls:  t = 0.074
CMC.computeControls:  t = 0.075
CMC.computeControls:  t = 0.076
CMC.computeControls:  t = 0.077
CMC.computeControls:  t = 0.078
CMC.computeControls:  t = 0.079
CMC.computeControls:  t = 0.08
CMC.computeControls:  t = 0.081
CMC.computeControls:  t = 0.082
CMC.computeControls:  t = 0.083
CMC.computeControls:  t = 0.084
CMC.computeControls:  t = 0.085
CMC.computeControls:  t = 0.086
CMC.computeControls:  t = 0.087
CMC.computeControls:  t = 0.088
CMC.computeControls:  t = 0.089
CMC.computeControls:  t = 0.09
CMC.computeControls:  t = 0.091
CMC.computeControls:  t = 0.092
CMC.computeControls:  t = 0.093
CMC.computeControls:  t = 0.094
CMC.computeControls:  t = 0.095
CMC.computeControls:  t = 0.096
CMC.computeControls:  t = 0.097
CMC.computeControls:  t = 0.098
CMC.computeControls:  t = 0.099
CMC.computeControls:  t = 0.1
CMC.computeControls:  t = 0.101
CMC.computeControls:  t = 0.102
CMC.computeControls:  t = 0.103
CMC.computeControls:  t = 0.104
CMC.computeControls:  t = 0.105
CMC.computeControls:  t = 0.106
CMC.computeControls:  t = 0.107
CMC.computeControls:  t = 0.108
CMC.computeControls:  t = 0.109
CMC.computeControls:  t = 0.11
CMC.computeControls:  t = 0.111
CMC.computeControls:  t = 0.112
CMC.computeControls:  t = 0.113
CMC.computeControls:  t = 0.114
CMC.computeControls:  t = 0.115
CMC.computeControls:  t = 0.116
CMC.computeControls:  t = 0.117
CMC.computeControls:  t = 0.118
CMC.computeControls:  t = 0.119
CMC.computeControls:  t = 0.12
CMC.computeControls:  t = 0.121
CMC.computeControls:  t = 0.122
CMC.computeControls:  t = 0.123
CMC.computeControls:  t = 0.124
CMC.computeControls:  t = 0.125
CMC.computeControls:  t = 0.126
CMC.computeControls:  t = 0.127
CMC.computeControls:  t = 0.128
CMC.computeControls:  t = 0.129
CMC.computeControls:  t = 0.13
CMC.computeControls:  t = 0.131
CMC.computeControls:  t = 0.132
CMC.computeControls:  t = 0.133
CMC.computeControls:  t = 0.134
CMC.computeControls:  t = 0.135
CMC.computeControls:  t = 0.136
CMC.computeControls:  t = 0.137
CMC.computeControls:  t = 0.138
CMC.computeControls:  t = 0.139
CMC.computeControls:  t = 0.14
CMC.computeControls:  t = 0.141
CMC.computeControls:  t = 0.142
CMC.computeControls:  t = 0.143
CMC.computeControls:  t = 0.144
CMC.computeControls:  t = 0.145
CMC.computeControls:  t = 0.146
CMC.computeControls:  t = 0.147
CMC.computeControls:  t = 0.148
CMC.computeControls:  t = 0.149
CMC.computeControls:  t = 0.15
CMC.computeControls:  t = 0.151
CMC.computeControls:  t = 0.152
CMC.computeControls:  t = 0.153
CMC.computeControls:  t = 0.154
CMC.computeControls:  t = 0.155
CMC.computeControls:  t = 0.156
CMC.computeControls:  t = 0.157
CMC.computeControls:  t = 0.158
CMC.computeControls:  t = 0.159
CMC.computeControls:  t = 0.16
CMC.computeControls:  t = 0.161
CMC.computeControls:  t = 0.162
CMC.computeControls:  t = 0.163
CMC.computeControls:  t = 0.164
CMC.computeControls:  t = 0.165
CMC.computeControls:  t = 0.166
CMC.computeControls:  t = 0.167
CMC.computeControls:  t = 0.168
CMC.computeControls:  t = 0.169
CMC.computeControls:  t = 0.17
CMC.computeControls:  t = 0.171
CMC.computeControls:  t = 0.172
CMC.computeControls:  t = 0.173
CMC.computeControls:  t = 0.174
CMC.computeControls:  t = 0.175
CMC.computeControls:  t = 0.176
CMC.computeControls:  t = 0.177
CMC.computeControls:  t = 0.178
CMC.computeControls:  t = 0.179
CMC.computeControls:  t = 0.18
CMC.computeControls:  t = 0.181
CMC.computeControls:  t = 0.182
CMC.computeControls:  t = 0.183
CMC.computeControls:  t = 0.184
CMC.computeControls:  t = 0.185
CMC.computeControls:  t = 0.186
CMC.computeControls:  t = 0.187
CMC.computeControls:  t = 0.188
CMC.computeControls:  t = 0.189
CMC.computeControls:  t = 0.19
CMC.computeControls:  t = 0.191
CMC.computeControls:  t = 0.192
CMC.computeControls:  t = 0.193
CMC.computeControls:  t = 0.194
CMC.computeControls:  t = 0.195
CMC.computeControls:  t = 0.196
CMC.computeControls:  t = 0.197
CMC.computeControls:  t = 0.198
CMC.computeControls:  t = 0.199
CMC.computeControls:  t = 0.2
CMC.computeControls:  t = 0.201
CMC.computeControls:  t = 0.202
CMC.computeControls:  t = 0.203
CMC.computeControls:  t = 0.204
CMC.computeControls:  t = 0.205
CMC.computeControls:  t = 0.206
CMC.computeControls:  t = 0.207
CMC.computeControls:  t = 0.208
CMC.computeControls:  t = 0.209
CMC.computeControls:  t = 0.21
CMC.computeControls:  t = 0.211
CMC.computeControls:  t = 0.212
CMC.computeControls:  t = 0.213
CMC.computeControls:  t = 0.214
CMC.computeControls:  t = 0.215
CMC.computeControls:  t = 0.216
CMC.computeControls:  t = 0.217
CMC.computeControls:  t = 0.218
CMC.computeControls:  t = 0.219
CMC.computeControls:  t = 0.22
CMC.computeControls:  t = 0.221
CMC.computeControls:  t = 0.222
CMC.computeControls:  t = 0.223
CMC.computeControls:  t = 0.224
CMC.computeControls:  t = 0.225
CMC.computeControls:  t = 0.226
CMC.computeControls:  t = 0.227
CMC.computeControls:  t = 0.228
CMC.computeControls:  t = 0.229
CMC.computeControls:  t = 0.23
CMC.computeControls:  t = 0.231
CMC.computeControls:  t = 0.232
CMC.computeControls:  t = 0.233
CMC.computeControls:  t = 0.234
CMC.computeControls:  t = 0.235
CMC.computeControls:  t = 0.236
CMC.computeControls:  t = 0.237
CMC.computeControls:  t = 0.238
CMC.computeControls:  t = 0.239
CMC.computeControls:  t = 0.24
CMC.computeControls:  t = 0.241
CMC.computeControls:  t = 0.242
CMC.computeControls:  t = 0.243
CMC.computeControls:  t = 0.244
CMC.computeControls:  t = 0.245
CMC.computeControls:  t = 0.246
CMC.computeControls:  t = 0.247
CMC.computeControls:  t = 0.248
CMC.computeControls:  t = 0.249
CMC.computeControls:  t = 0.25
CMC.computeControls:  t = 0.251
CMC.computeControls:  t = 0.252
CMC.computeControls:  t = 0.253
CMC.computeControls:  t = 0.254
CMC.computeControls:  t = 0.255
CMC.computeControls:  t = 0.256
CMC.computeControls:  t = 0.257
CMC.computeControls:  t = 0.258
CMC.computeControls:  t = 0.259
CMC.computeControls:  t = 0.26
CMC.computeControls:  t = 0.261
CMC.computeControls:  t = 0.262
CMC.computeControls:  t = 0.263
CMC.computeControls:  t = 0.264
CMC.computeControls:  t = 0.265
CMC.computeControls:  t = 0.266
CMC.computeControls:  t = 0.267
CMC.computeControls:  t = 0.268
CMC.computeControls:  t = 0.269
CMC.computeControls:  t = 0.27
CMC.computeControls:  t = 0.271
CMC.computeControls:  t = 0.272
CMC.computeControls:  t = 0.273
CMC.computeControls:  t = 0.274
CMC.computeControls:  t = 0.275
CMC.computeControls:  t = 0.276
CMC.computeControls:  t = 0.277
CMC.computeControls:  t = 0.278
CMC.computeControls:  t = 0.279
CMC.computeControls:  t = 0.28
CMC.computeControls:  t = 0.281
CMC.computeControls:  t = 0.282
CMC.computeControls:  t = 0.283
CMC.computeControls:  t = 0.284
CMC.computeControls:  t = 0.285
CMC.computeControls:  t = 0.286
CMC.computeControls:  t = 0.287
CMC.computeControls:  t = 0.288
CMC.computeControls:  t = 0.289
CMC.computeControls:  t = 0.29
CMC.computeControls:  t = 0.291
CMC.computeControls:  t = 0.292
CMC.computeControls:  t = 0.293
CMC.computeControls:  t = 0.294
CMC.computeControls:  t = 0.295
CMC.computeControls:  t = 0.296
CMC.computeControls:  t = 0.297
CMC.computeControls:  t = 0.298
CMC.computeControls:  t = 0.299
CMC.computeControls:  t = 0.3
CMC.computeControls:  t = 0.301
CMC.computeControls:  t = 0.302
CMC.computeControls:  t = 0.303
CMC.computeControls:  t = 0.304
CMC.computeControls:  t = 0.305
CMC.computeControls:  t = 0.306
CMC.computeControls:  t = 0.307
CMC.computeControls:  t = 0.308
CMC.computeControls:  t = 0.309
CMC.computeControls:  t = 0.31
CMC.computeControls:  t = 0.311
CMC.computeControls:  t = 0.312
CMC.computeControls:  t = 0.313
CMC.computeControls:  t = 0.314
CMC.computeControls:  t = 0.315
CMC.computeControls:  t = 0.316
CMC.computeControls:  t = 0.317
CMC.computeControls:  t = 0.318
CMC.computeControls:  t = 0.319
CMC.computeControls:  t = 0.32
CMC.computeControls:  t = 0.321
CMC.computeControls:  t = 0.322
CMC.computeControls:  t = 0.323
CMC.computeControls:  t = 0.324
CMC.computeControls:  t = 0.325
CMC.computeControls:  t = 0.326
CMC.computeControls:  t = 0.327
CMC.computeControls:  t = 0.328
CMC.computeControls:  t = 0.329
CMC.computeControls:  t = 0.33
CMC.computeControls:  t = 0.331
CMC.computeControls:  t = 0.332
CMC.computeControls:  t = 0.333
CMC.computeControls:  t = 0.334
CMC.computeControls:  t = 0.335
CMC.computeControls:  t = 0.336
CMC.computeControls:  t = 0.337
CMC.computeControls:  t = 0.338
CMC.computeControls:  t = 0.339
CMC.computeControls:  t = 0.34
CMC.computeControls:  t = 0.341
CMC.computeControls:  t = 0.342
CMC.computeControls:  t = 0.343
CMC.computeControls:  t = 0.344
CMC.computeControls:  t = 0.345
CMC.computeControls:  t = 0.346
CMC.computeControls:  t = 0.347
CMC.computeControls:  t = 0.348
CMC.computeControls:  t = 0.349
CMC.computeControls:  t = 0.35
CMC.computeControls:  t = 0.351
CMC.computeControls:  t = 0.352
CMC.computeControls:  t = 0.353
CMC.computeControls:  t = 0.354
CMC.computeControls:  t = 0.355
CMC.computeControls:  t = 0.356
CMC.computeControls:  t = 0.357
CMC.computeControls:  t = 0.358
CMC.computeControls:  t = 0.359
CMC.computeControls:  t = 0.36
CMC.computeControls:  t = 0.361
CMC.computeControls:  t = 0.362
CMC.computeControls:  t = 0.363
CMC.computeControls:  t = 0.364
CMC.computeControls:  t = 0.365
CMC.computeControls:  t = 0.366
CMC.computeControls:  t = 0.367
CMC.computeControls:  t = 0.368
CMC.computeControls:  t = 0.369
CMC.computeControls:  t = 0.37
CMC.computeControls:  t = 0.371
CMC.computeControls:  t = 0.372
CMC.computeControls:  t = 0.373
CMC.computeControls:  t = 0.374
CMC.computeControls:  t = 0.375
CMC.computeControls:  t = 0.376
CMC.computeControls:  t = 0.377
CMC.computeControls:  t = 0.378
CMC.computeControls:  t = 0.379
CMC.computeControls:  t = 0.38
CMC.computeControls:  t = 0.381
CMC.computeControls:  t = 0.382
CMC.computeControls:  t = 0.383
CMC.computeControls:  t = 0.384
CMC.computeControls:  t = 0.385
CMC.computeControls:  t = 0.386
CMC.computeControls:  t = 0.387
CMC.computeControls:  t = 0.388
CMC.computeControls:  t = 0.389
CMC.computeControls:  t = 0.39
CMC.computeControls:  t = 0.391
CMC.computeControls:  t = 0.392
CMC.computeControls:  t = 0.393
CMC.computeControls:  t = 0.394
CMC.computeControls:  t = 0.395
CMC.computeControls:  t = 0.396
CMC.computeControls:  t = 0.397
CMC.computeControls:  t = 0.398
CMC.computeControls:  t = 0.399
CMC.computeControls:  t = 0.4
CMC.computeControls:  t = 0.401
CMC.computeControls:  t = 0.402
CMC.computeControls:  t = 0.403
CMC.computeControls:  t = 0.404
CMC.computeControls:  t = 0.405
CMC.computeControls:  t = 0.406
CMC.computeControls:  t = 0.407
CMC.computeControls:  t = 0.408
CMC.computeControls:  t = 0.409
CMC.computeControls:  t = 0.41
CMC.computeControls:  t = 0.411
CMC.computeControls:  t = 0.412
CMC.computeControls:  t = 0.413
CMC.computeControls:  t = 0.414
CMC.computeControls:  t = 0.415
CMC.computeControls:  t = 0.416
CMC.computeControls:  t = 0.417
CMC.computeControls:  t = 0.418
CMC.computeControls:  t = 0.419
CMC.computeControls:  t = 0.42
CMC.computeControls:  t = 0.421
CMC.computeControls:  t = 0.422
CMC.computeControls:  t = 0.423
CMC.computeControls:  t = 0.424
CMC.computeControls:  t = 0.425
CMC.computeControls:  t = 0.426
CMC.computeControls:  t = 0.427
CMC.computeControls:  t = 0.428
CMC.computeControls:  t = 0.429
CMC.computeControls:  t = 0.43
CMC.computeControls:  t = 0.431
CMC.computeControls:  t = 0.432
CMC.computeControls:  t = 0.433
CMC.computeControls:  t = 0.434
CMC.computeControls:  t = 0.435
CMC.computeControls:  t = 0.436
CMC.computeControls:  t = 0.437
CMC.computeControls:  t = 0.438
CMC.computeControls:  t = 0.439
CMC.computeControls:  t = 0.44
CMC.computeControls:  t = 0.441
CMC.computeControls:  t = 0.442
CMC.computeControls:  t = 0.443
CMC.computeControls:  t = 0.444
CMC.computeControls:  t = 0.445
CMC.computeControls:  t = 0.446
CMC.computeControls:  t = 0.447
CMC.computeControls:  t = 0.448
CMC.computeControls:  t = 0.449
CMC.computeControls:  t = 0.45
CMC.computeControls:  t = 0.451
CMC.computeControls:  t = 0.452
CMC.computeControls:  t = 0.453
CMC.computeControls:  t = 0.454
CMC.computeControls:  t = 0.455
CMC.computeControls:  t = 0.456
CMC.computeControls:  t = 0.457
CMC.computeControls:  t = 0.458
CMC.computeControls:  t = 0.459
CMC.computeControls:  t = 0.46
CMC.computeControls:  t = 0.461
CMC.computeControls:  t = 0.462
CMC.computeControls:  t = 0.463
CMC.computeControls:  t = 0.464
CMC.computeControls:  t = 0.465
CMC.computeControls:  t = 0.466
CMC.computeControls:  t = 0.467
CMC.computeControls:  t = 0.468
CMC.computeControls:  t = 0.469
CMC.computeControls:  t = 0.47
CMC.computeControls:  t = 0.471
CMC.computeControls:  t = 0.472
CMC.computeControls:  t = 0.473
CMC.computeControls:  t = 0.474
CMC.computeControls:  t = 0.475
CMC.computeControls:  t = 0.476
CMC.computeControls:  t = 0.477
CMC.computeControls:  t = 0.478
CMC.computeControls:  t = 0.479
CMC.computeControls:  t = 0.48
CMC.computeControls:  t = 0.481
CMC.computeControls:  t = 0.482
CMC.computeControls:  t = 0.483
CMC.computeControls:  t = 0.484
CMC.computeControls:  t = 0.485
CMC.computeControls:  t = 0.486
CMC.computeControls:  t = 0.487
CMC.computeControls:  t = 0.488
CMC.computeControls:  t = 0.489
CMC.computeControls:  t = 0.49
CMC.computeControls:  t = 0.491
CMC.computeControls:  t = 0.492
CMC.computeControls:  t = 0.493
CMC.computeControls:  t = 0.494
CMC.computeControls:  t = 0.495
CMC.computeControls:  t = 0.496
CMC.computeControls:  t = 0.497
CMC.computeControls:  t = 0.498
CMC.computeControls:  t = 0.499
CMC.computeControls:  t = 0.5
CMC.computeControls:  t = 0.501
CMC.computeControls:  t = 0.502
CMC.computeControls:  t = 0.503
CMC.computeControls:  t = 0.504
CMC.computeControls:  t = 0.505
CMC.computeControls:  t = 0.506
CMC.computeControls:  t = 0.507
CMC.computeControls:  t = 0.508
CMC.computeControls:  t = 0.509
CMC.computeControls:  t = 0.51
CMC.computeControls:  t = 0.511
CMC.computeControls:  t = 0.512
CMC.computeControls:  t = 0.513
CMC.computeControls:  t = 0.514
CMC.computeControls:  t = 0.515
CMC.computeControls:  t = 0.516
CMC.computeControls:  t = 0.517
CMC.computeControls:  t = 0.518
CMC.computeControls:  t = 0.519
CMC.computeControls:  t = 0.52
CMC.computeControls:  t = 0.521
CMC.computeControls:  t = 0.522
CMC.computeControls:  t = 0.523
CMC.computeControls:  t = 0.524
CMC.computeControls:  t = 0.525
CMC.computeControls:  t = 0.526
CMC.computeControls:  t = 0.527
CMC.computeControls:  t = 0.528
CMC.computeControls:  t = 0.529
CMC.computeControls:  t = 0.53
CMC.computeControls:  t = 0.531
CMC.computeControls:  t = 0.532
CMC.computeControls:  t = 0.533
CMC.computeControls:  t = 0.534
CMC.computeControls:  t = 0.535
CMC.computeControls:  t = 0.536
CMC.computeControls:  t = 0.537
CMC.computeControls:  t = 0.538
CMC.computeControls:  t = 0.539
CMC.computeControls:  t = 0.54
CMC.computeControls:  t = 0.541
CMC.computeControls:  t = 0.542
CMC.computeControls:  t = 0.543
CMC.computeControls:  t = 0.544
CMC.computeControls:  t = 0.545
CMC.computeControls:  t = 0.546
CMC.computeControls:  t = 0.547
CMC.computeControls:  t = 0.548
CMC.computeControls:  t = 0.549
CMC.computeControls:  t = 0.55
CMC.computeControls:  t = 0.551
CMC.computeControls:  t = 0.552
CMC.computeControls:  t = 0.553
CMC.computeControls:  t = 0.554
CMC.computeControls:  t = 0.555
CMC.computeControls:  t = 0.556
CMC.computeControls:  t = 0.557
CMC.computeControls:  t = 0.558
CMC.computeControls:  t = 0.559
CMC.computeControls:  t = 0.56
CMC.computeControls:  t = 0.561
CMC.computeControls:  t = 0.562
CMC.computeControls:  t = 0.563
CMC.computeControls:  t = 0.564
CMC.computeControls:  t = 0.565
CMC.computeControls:  t = 0.566
CMC.computeControls:  t = 0.567
CMC.computeControls:  t = 0.568
CMC.computeControls:  t = 0.569
CMC.computeControls:  t = 0.57
CMC.computeControls:  t = 0.571
CMC.computeControls:  t = 0.572
CMC.computeControls:  t = 0.573
CMC.computeControls:  t = 0.574
CMC.computeControls:  t = 0.575
CMC.computeControls:  t = 0.576
CMC.computeControls:  t = 0.577
CMC.computeControls:  t = 0.578
CMC.computeControls:  t = 0.579
CMC.computeControls:  t = 0.58
CMC.computeControls:  t = 0.581
CMC.computeControls:  t = 0.582
CMC.computeControls:  t = 0.583
CMC.computeControls:  t = 0.584
CMC.computeControls:  t = 0.585
CMC.computeControls:  t = 0.586
CMC.computeControls:  t = 0.587
CMC.computeControls:  t = 0.588
CMC.computeControls:  t = 0.589
CMC.computeControls:  t = 0.59
CMC.computeControls:  t = 0.591
CMC.computeControls:  t = 0.592
CMC.computeControls:  t = 0.593
CMC.computeControls:  t = 0.594
CMC.computeControls:  t = 0.595
CMC.computeControls:  t = 0.596
CMC.computeControls:  t = 0.597
CMC.computeControls:  t = 0.598
CMC.computeControls:  t = 0.599
CMC.computeControls:  t = 0.6
CMC.computeControls:  t = 0.601
CMC.computeControls:  t = 0.602
CMC.computeControls:  t = 0.603
CMC.computeControls:  t = 0.604
CMC.computeControls:  t = 0.605
CMC.computeControls:  t = 0.606
CMC.computeControls:  t = 0.607
CMC.computeControls:  t = 0.608
CMC.computeControls:  t = 0.609
CMC.computeControls:  t = 0.61
CMC.computeControls:  t = 0.611
CMC.computeControls:  t = 0.612
CMC.computeControls:  t = 0.613
CMC.computeControls:  t = 0.614
CMC.computeControls:  t = 0.615
CMC.computeControls:  t = 0.616
CMC.computeControls:  t = 0.617
CMC.computeControls:  t = 0.618
CMC.computeControls:  t = 0.619
CMC.computeControls:  t = 0.62
CMC.computeControls:  t = 0.621
CMC.computeControls:  t = 0.622
CMC.computeControls:  t = 0.623
CMC.computeControls:  t = 0.624
CMC.computeControls:  t = 0.625
CMC.computeControls:  t = 0.626
CMC.computeControls:  t = 0.627
CMC.computeControls:  t = 0.628
CMC.computeControls:  t = 0.629
CMC.computeControls:  t = 0.63
CMC.computeControls:  t = 0.631
CMC.computeControls:  t = 0.632
CMC.computeControls:  t = 0.633
CMC.computeControls:  t = 0.634
CMC.computeControls:  t = 0.635
CMC.computeControls:  t = 0.636
CMC.computeControls:  t = 0.637
CMC.computeControls:  t = 0.638
CMC.computeControls:  t = 0.639
CMC.computeControls:  t = 0.64
CMC.computeControls:  t = 0.641
CMC.computeControls:  t = 0.642
CMC.computeControls:  t = 0.643
CMC.computeControls:  t = 0.644
CMC.computeControls:  t = 0.645
CMC.computeControls:  t = 0.646
CMC.computeControls:  t = 0.647
CMC.computeControls:  t = 0.648
CMC.computeControls:  t = 0.649
CMC.computeControls:  t = 0.65
CMC.computeControls:  t = 0.651
CMC.computeControls:  t = 0.652
CMC.computeControls:  t = 0.653
CMC.computeControls:  t = 0.654
CMC.computeControls:  t = 0.655
CMC.computeControls:  t = 0.656
CMC.computeControls:  t = 0.657
CMC.computeControls:  t = 0.658
CMC.computeControls:  t = 0.659
CMC.computeControls:  t = 0.66
CMC.computeControls:  t = 0.661
CMC.computeControls:  t = 0.662
CMC.computeControls:  t = 0.663
CMC.computeControls:  t = 0.664
CMC.computeControls:  t = 0.665
CMC.computeControls:  t = 0.666
CMC.computeControls:  t = 0.667
CMC.computeControls:  t = 0.668
CMC.computeControls:  t = 0.669
CMC.computeControls:  t = 0.67
CMC.computeControls:  t = 0.671
CMC.computeControls:  t = 0.672
CMC.computeControls:  t = 0.673
CMC.computeControls:  t = 0.674
CMC.computeControls:  t = 0.675
CMC.computeControls:  t = 0.676
CMC.computeControls:  t = 0.677
CMC.computeControls:  t = 0.678
CMC.computeControls:  t = 0.679
CMC.computeControls:  t = 0.68
CMC.computeControls:  t = 0.681
CMC.computeControls:  t = 0.682
CMC.computeControls:  t = 0.683
CMC.computeControls:  t = 0.684
CMC.computeControls:  t = 0.685
CMC.computeControls:  t = 0.686
CMC.computeControls:  t = 0.687
CMC.computeControls:  t = 0.688
CMC.computeControls:  t = 0.689
CMC.computeControls:  t = 0.69
CMC.computeControls:  t = 0.691
CMC.computeControls:  t = 0.692
CMC.computeControls:  t = 0.693
CMC.computeControls:  t = 0.694
CMC.computeControls:  t = 0.695
CMC.computeControls:  t = 0.696
CMC.computeControls:  t = 0.697
CMC.computeControls:  t = 0.698
CMC.computeControls:  t = 0.699
CMC.computeControls:  t = 0.7
CMC.computeControls:  t = 0.701
CMC.computeControls:  t = 0.702
CMC.computeControls:  t = 0.703
CMC.computeControls:  t = 0.704
CMC.computeControls:  t = 0.705
CMC.computeControls:  t = 0.706
CMC.computeControls:  t = 0.707
CMC.computeControls:  t = 0.708
CMC.computeControls:  t = 0.709
CMC.computeControls:  t = 0.71
CMC.computeControls:  t = 0.711
CMC.computeControls:  t = 0.712
CMC.computeControls:  t = 0.713
CMC.computeControls:  t = 0.714
CMC.computeControls:  t = 0.715
CMC.computeControls:  t = 0.716
CMC.computeControls:  t = 0.717
CMC.computeControls:  t = 0.718
CMC.computeControls:  t = 0.719
CMC.computeControls:  t = 0.72
CMC.computeControls:  t = 0.721
CMC.computeControls:  t = 0.722
CMC.computeControls:  t = 0.723
CMC.computeControls:  t = 0.724
CMC.computeControls:  t = 0.725
CMC.computeControls:  t = 0.726
CMC.computeControls:  t = 0.727
CMC.computeControls:  t = 0.728
CMC.computeControls:  t = 0.729
CMC.computeControls:  t = 0.73
CMC.computeControls:  t = 0.731
CMC.computeControls:  t = 0.732
CMC.computeControls:  t = 0.733
CMC.computeControls:  t = 0.734
CMC.computeControls:  t = 0.735
CMC.computeControls:  t = 0.736
CMC.computeControls:  t = 0.737
CMC.computeControls:  t = 0.738
CMC.computeControls:  t = 0.739
CMC.computeControls:  t = 0.74
CMC.computeControls:  t = 0.741
CMC.computeControls:  t = 0.742
CMC.computeControls:  t = 0.743
CMC.computeControls:  t = 0.744
CMC.computeControls:  t = 0.745
CMC.computeControls:  t = 0.746
CMC.computeControls:  t = 0.747
CMC.computeControls:  t = 0.748
CMC.computeControls:  t = 0.749
CMC.computeControls:  t = 0.75
CMC.computeControls:  t = 0.751
CMC.computeControls:  t = 0.752
CMC.computeControls:  t = 0.753
CMC.computeControls:  t = 0.754
CMC.computeControls:  t = 0.755
CMC.computeControls:  t = 0.756
CMC.computeControls:  t = 0.757
CMC.computeControls:  t = 0.758
CMC.computeControls:  t = 0.759
CMC.computeControls:  t = 0.76
CMC.computeControls:  t = 0.761
CMC.computeControls:  t = 0.762
CMC.computeControls:  t = 0.763
CMC.computeControls:  t = 0.764
CMC.computeControls:  t = 0.765
CMC.computeControls:  t = 0.766
CMC.computeControls:  t = 0.767
CMC.computeControls:  t = 0.768
CMC.computeControls:  t = 0.769
CMC.computeControls:  t = 0.77
CMC.computeControls:  t = 0.771
CMC.computeControls:  t = 0.772
CMC.computeControls:  t = 0.773
CMC.computeControls:  t = 0.774
CMC.computeControls:  t = 0.775
CMC.computeControls:  t = 0.776
CMC.computeControls:  t = 0.777
CMC.computeControls:  t = 0.778
CMC.computeControls:  t = 0.779
CMC.computeControls:  t = 0.78
CMC.computeControls:  t = 0.781
CMC.computeControls:  t = 0.782
CMC.computeControls:  t = 0.783
CMC.computeControls:  t = 0.784
CMC.computeControls:  t = 0.785
CMC.computeControls:  t = 0.786
CMC.computeControls:  t = 0.787
CMC.computeControls:  t = 0.788
CMC.computeControls:  t = 0.789
CMC.computeControls:  t = 0.79
CMC.computeControls:  t = 0.791
CMC.computeControls:  t = 0.792
CMC.computeControls:  t = 0.793
CMC.computeControls:  t = 0.794
CMC.computeControls:  t = 0.795
CMC.computeControls:  t = 0.796
CMC.computeControls:  t = 0.797
CMC.computeControls:  t = 0.798
CMC.computeControls:  t = 0.799
CMC.computeControls:  t = 0.8
CMC.computeControls:  t = 0.801
CMC.computeControls:  t = 0.802
CMC.computeControls:  t = 0.803
CMC.computeControls:  t = 0.804
CMC.computeControls:  t = 0.805
CMC.computeControls:  t = 0.806
CMC.computeControls:  t = 0.807
CMC.computeControls:  t = 0.808
CMC.computeControls:  t = 0.809
CMC.computeControls:  t = 0.81
CMC.computeControls:  t = 0.811
CMC.computeControls:  t = 0.812
CMC.computeControls:  t = 0.813
CMC.computeControls:  t = 0.814
CMC.computeControls:  t = 0.815
CMC.computeControls:  t = 0.816
CMC.computeControls:  t = 0.817
CMC.computeControls:  t = 0.818
CMC.computeControls:  t = 0.819
CMC.computeControls:  t = 0.82
CMC.computeControls:  t = 0.821
CMC.computeControls:  t = 0.822
CMC.computeControls:  t = 0.823
CMC.computeControls:  t = 0.824
CMC.computeControls:  t = 0.825
CMC.computeControls:  t = 0.826
CMC.computeControls:  t = 0.827
CMC.computeControls:  t = 0.828
CMC.computeControls:  t = 0.829
CMC.computeControls:  t = 0.83
CMC.computeControls:  t = 0.831
CMC.computeControls:  t = 0.832
CMC.computeControls:  t = 0.833
CMC.computeControls:  t = 0.834
CMC.computeControls:  t = 0.835
CMC.computeControls:  t = 0.836
CMC.computeControls:  t = 0.837
CMC.computeControls:  t = 0.838
CMC.computeControls:  t = 0.839
CMC.computeControls:  t = 0.84
CMC.computeControls:  t = 0.841
CMC.computeControls:  t = 0.842
CMC.computeControls:  t = 0.843
CMC.computeControls:  t = 0.844
CMC.computeControls:  t = 0.845
CMC.computeControls:  t = 0.846
CMC.computeControls:  t = 0.847
CMC.computeControls:  t = 0.848
CMC.computeControls:  t = 0.849
CMC.computeControls:  t = 0.85
CMC.computeControls:  t = 0.851
CMC.computeControls:  t = 0.852
CMC.computeControls:  t = 0.853
CMC.computeControls:  t = 0.854
CMC.computeControls:  t = 0.855
CMC.computeControls:  t = 0.856
CMC.computeControls:  t = 0.857
CMC.computeControls:  t = 0.858
CMC.computeControls:  t = 0.859
CMC.computeControls:  t = 0.86
CMC.computeControls:  t = 0.861
CMC.computeControls:  t = 0.862
CMC.computeControls:  t = 0.863
CMC.computeControls:  t = 0.864
CMC.computeControls:  t = 0.865
CMC.computeControls:  t = 0.866
CMC.computeControls:  t = 0.867
CMC.computeControls:  t = 0.868
CMC.computeControls:  t = 0.869
CMC.computeControls:  t = 0.87
CMC.computeControls:  t = 0.871
CMC.computeControls:  t = 0.872
CMC.computeControls:  t = 0.873
CMC.computeControls:  t = 0.874
CMC.computeControls:  t = 0.875
CMC.computeControls:  t = 0.876
CMC.computeControls:  t = 0.877
CMC.computeControls:  t = 0.878
CMC.computeControls:  t = 0.879
CMC.computeControls:  t = 0.88
CMC.computeControls:  t = 0.881
CMC.computeControls:  t = 0.882
CMC.computeControls:  t = 0.883
CMC.computeControls:  t = 0.884
CMC.computeControls:  t = 0.885
CMC.computeControls:  t = 0.886
CMC.computeControls:  t = 0.887
CMC.computeControls:  t = 0.888
CMC.computeControls:  t = 0.889
CMC.computeControls:  t = 0.89
CMC.computeControls:  t = 0.891
CMC.computeControls:  t = 0.892
CMC.computeControls:  t = 0.893
CMC.computeControls:  t = 0.894
CMC.computeControls:  t = 0.895
CMC.computeControls:  t = 0.896
CMC.computeControls:  t = 0.897
CMC.computeControls:  t = 0.898
CMC.computeControls:  t = 0.899
CMC.computeControls:  t = 0.9
CMC.computeControls:  t = 0.901
CMC.computeControls:  t = 0.902
CMC.computeControls:  t = 0.903
CMC.computeControls:  t = 0.904
CMC.computeControls:  t = 0.905
CMC.computeControls:  t = 0.906
CMC.computeControls:  t = 0.907
CMC.computeControls:  t = 0.908
CMC.computeControls:  t = 0.909
CMC.computeControls:  t = 0.91
CMC.computeControls:  t = 0.911
CMC.computeControls:  t = 0.912
CMC.computeControls:  t = 0.913
CMC.computeControls:  t = 0.914
CMC.computeControls:  t = 0.915
CMC.computeControls:  t = 0.916
CMC.computeControls:  t = 0.917
CMC.computeControls:  t = 0.918
CMC.computeControls:  t = 0.919
CMC.computeControls:  t = 0.92
CMC.computeControls:  t = 0.921
CMC.computeControls:  t = 0.922
CMC.computeControls:  t = 0.923
CMC.computeControls:  t = 0.924
CMC.computeControls:  t = 0.925
CMC.computeControls:  t = 0.926
CMC.computeControls:  t = 0.927
CMC.computeControls:  t = 0.928
CMC.computeControls:  t = 0.929
CMC.computeControls:  t = 0.93
CMC.computeControls:  t = 0.931
CMC.computeControls:  t = 0.932
CMC.computeControls:  t = 0.933
CMC.computeControls:  t = 0.934
CMC.computeControls:  t = 0.935
CMC.computeControls:  t = 0.936
CMC.computeControls:  t = 0.937
CMC.computeControls:  t = 0.938
CMC.computeControls:  t = 0.939
CMC.computeControls:  t = 0.94
CMC.computeControls:  t = 0.941
CMC.computeControls:  t = 0.942
CMC.computeControls:  t = 0.943
CMC.computeControls:  t = 0.944
CMC.computeControls:  t = 0.945
CMC.computeControls:  t = 0.946
CMC.computeControls:  t = 0.947
CMC.computeControls:  t = 0.948
CMC.computeControls:  t = 0.949
CMC.computeControls:  t = 0.95
CMC.computeControls:  t = 0.951
CMC.computeControls:  t = 0.952
CMC.computeControls:  t = 0.953
CMC.computeControls:  t = 0.954
CMC.computeControls:  t = 0.955
CMC.computeControls:  t = 0.956
CMC.computeControls:  t = 0.957
CMC.computeControls:  t = 0.958
CMC.computeControls:  t = 0.959
CMC.computeControls:  t = 0.96
CMC.computeControls:  t = 0.961
CMC.computeControls:  t = 0.962
CMC.computeControls:  t = 0.963
CMC.computeControls:  t = 0.964
CMC.computeControls:  t = 0.965
CMC.computeControls:  t = 0.966
CMC.computeControls:  t = 0.967
CMC.computeControls:  t = 0.968
CMC.computeControls:  t = 0.969
CMC.computeControls:  t = 0.97
CMC.computeControls:  t = 0.971
CMC.computeControls:  t = 0.972
CMC.computeControls:  t = 0.973
CMC.computeControls:  t = 0.974
CMC.computeControls:  t = 0.975
CMC.computeControls:  t = 0.976
CMC.computeControls:  t = 0.977
CMC.computeControls:  t = 0.978
CMC.computeControls:  t = 0.979
CMC.computeControls:  t = 0.98
CMC.computeControls:  t = 0.981
CMC.computeControls:  t = 0.982
CMC.computeControls:  t = 0.983
CMC.computeControls:  t = 0.984
CMC.computeControls:  t = 0.985
CMC.computeControls:  t = 0.986
CMC.computeControls:  t = 0.987
CMC.computeControls:  t = 0.988
CMC.computeControls:  t = 0.989
CMC.computeControls:  t = 0.99
CMC.computeControls:  t = 0.991
CMC.computeControls:  t = 0.992
CMC.computeControls:  t = 0.993
CMC.computeControls:  t = 0.994
CMC.computeControls:  t = 0.995
CMC.computeControls:  t = 0.996
CMC.computeControls:  t = 0.997
CMC.computeControls:  t = 0.998
CMC.computeControls:  t = 0.999
CMC.computeControls:  t = 1
CMC.computeControls:  t = 1.001
CMC.computeControls:  t = 1.002
CMC.computeControls:  t = 1.003
CMC.computeControls:  t = 1.004
CMC.computeControls:  t = 1.005
CMC.computeControls:  t = 1.006
CMC.computeControls:  t = 1.007
CMC.computeControls:  t = 1.008
CMC.computeControls:  t = 1.009
CMC.computeControls:  t = 1.01
CMC.computeControls:  t = 1.011
CMC.computeControls:  t = 1.012
CMC.computeControls:  t = 1.013
CMC.computeControls:  t = 1.014
CMC.computeControls:  t = 1.015
CMC.computeControls:  t = 1.016
CMC.computeControls:  t = 1.017
CMC.computeControls:  t = 1.018
CMC.computeControls:  t = 1.019
CMC.computeControls:  t = 1.02
CMC.computeControls:  t = 1.021
CMC.computeControls:  t = 1.022
CMC.computeControls:  t = 1.023
CMC.computeControls:  t = 1.024
CMC.computeControls:  t = 1.025
CMC.computeControls:  t = 1.026
CMC.computeControls:  t = 1.027
CMC.computeControls:  t = 1.028
CMC.computeControls:  t = 1.029
CMC.computeControls:  t = 1.03
CMC.computeControls:  t = 1.031
CMC.computeControls:  t = 1.032
CMC.computeControls:  t = 1.033
CMC.computeControls:  t = 1.034
CMC.computeControls:  t = 1.035
CMC.computeControls:  t = 1.036
CMC.computeControls:  t = 1.037
CMC.computeControls:  t = 1.038
CMC.computeControls:  t = 1.039
CMC.computeControls:  t = 1.04
CMC.computeControls:  t = 1.041
CMC.computeControls:  t = 1.042
CMC.computeControls:  t = 1.043
CMC.computeControls:  t = 1.044
CMC.computeControls:  t = 1.045
CMC.computeControls:  t = 1.046
CMC.computeControls:  t = 1.047
CMC.computeControls:  t = 1.048
CMC.computeControls:  t = 1.049
CMC.computeControls:  t = 1.05
CMC.computeControls:  t = 1.051
CMC.computeControls:  t = 1.052
CMC.computeControls:  t = 1.053
CMC.computeControls:  t = 1.054
CMC.computeControls:  t = 1.055
CMC.computeControls:  t = 1.056
CMC.computeControls:  t = 1.057
CMC.computeControls:  t = 1.058
CMC.computeControls:  t = 1.059
CMC.computeControls:  t = 1.06
CMC.computeControls:  t = 1.061
CMC.computeControls:  t = 1.062
CMC.computeControls:  t = 1.063
CMC.computeControls:  t = 1.064
CMC.computeControls:  t = 1.065
CMC.computeControls:  t = 1.066
CMC.computeControls:  t = 1.067
CMC.computeControls:  t = 1.068
CMC.computeControls:  t = 1.069
CMC.computeControls:  t = 1.07
CMC.computeControls:  t = 1.071
CMC.computeControls:  t = 1.072
CMC.computeControls:  t = 1.073
CMC.computeControls:  t = 1.074
CMC.computeControls:  t = 1.075
CMC.computeControls:  t = 1.076
CMC.computeControls:  t = 1.077
CMC.computeControls:  t = 1.078
CMC.computeControls:  t = 1.079
CMC.computeControls:  t = 1.08
CMC.computeControls:  t = 1.081
CMC.computeControls:  t = 1.082
CMC.computeControls:  t = 1.083
CMC.computeControls:  t = 1.084
CMC.computeControls:  t = 1.085
CMC.computeControls:  t = 1.086
CMC.computeControls:  t = 1.087
CMC.computeControls:  t = 1.088
CMC.computeControls:  t = 1.089
CMC.computeControls:  t = 1.09
CMC.computeControls:  t = 1.091
CMC.computeControls:  t = 1.092
CMC.computeControls:  t = 1.093
CMC.computeControls:  t = 1.094
CMC.computeControls:  t = 1.095
CMC.computeControls:  t = 1.096
CMC.computeControls:  t = 1.097
CMC.computeControls:  t = 1.098
CMC.computeControls:  t = 1.099
CMC.computeControls:  t = 1.1
CMC.computeControls:  t = 1.101
CMC.computeControls:  t = 1.102
CMC.computeControls:  t = 1.103
CMC.computeControls:  t = 1.104
CMC.computeControls:  t = 1.105
CMC.computeControls:  t = 1.106
CMC.computeControls:  t = 1.107
CMC.computeControls:  t = 1.108
CMC.computeControls:  t = 1.109
CMC.computeControls:  t = 1.11
CMC.computeControls:  t = 1.111
CMC.computeControls:  t = 1.112
CMC.computeControls:  t = 1.113
CMC.computeControls:  t = 1.114
CMC.computeControls:  t = 1.115
CMC.computeControls:  t = 1.116
CMC.computeControls:  t = 1.117
CMC.computeControls:  t = 1.118
CMC.computeControls:  t = 1.119
CMC.computeControls:  t = 1.12
CMC.computeControls:  t = 1.121
CMC.computeControls:  t = 1.122
CMC.computeControls:  t = 1.123
CMC.computeControls:  t = 1.124
CMC.computeControls:  t = 1.125
CMC.computeControls:  t = 1.126
CMC.computeControls:  t = 1.127
CMC.computeControls:  t = 1.128
CMC.computeControls:  t = 1.129
CMC.computeControls:  t = 1.13
CMC.computeControls:  t = 1.131
CMC.computeControls:  t = 1.132
CMC.computeControls:  t = 1.133
CMC.computeControls:  t = 1.134
CMC.computeControls:  t = 1.135
CMC.computeControls:  t = 1.136
CMC.computeControls:  t = 1.137
CMC.computeControls:  t = 1.138
CMC.computeControls:  t = 1.139
CMC.computeControls:  t = 1.14
CMC.computeControls:  t = 1.141
CMC.computeControls:  t = 1.142
CMC.computeControls:  t = 1.143
CMC.computeControls:  t = 1.144
CMC.computeControls:  t = 1.145
CMC.computeControls:  t = 1.146
CMC.computeControls:  t = 1.147
CMC.computeControls:  t = 1.148
CMC.computeControls:  t = 1.149
CMC.computeControls:  t = 1.15
CMC.computeControls:  t = 1.151
CMC.computeControls:  t = 1.152
CMC.computeControls:  t = 1.153
CMC.computeControls:  t = 1.154
CMC.computeControls:  t = 1.155
CMC.computeControls:  t = 1.156
CMC.computeControls:  t = 1.157
CMC.computeControls:  t = 1.158
CMC.computeControls:  t = 1.159
CMC.computeControls:  t = 1.16
CMC.computeControls:  t = 1.161
CMC.computeControls:  t = 1.162
CMC.computeControls:  t = 1.163
CMC.computeControls:  t = 1.164
CMC.computeControls:  t = 1.165
CMC.computeControls:  t = 1.166
CMC.computeControls:  t = 1.167
CMC.computeControls:  t = 1.168
CMC.computeControls:  t = 1.169
CMC.computeControls:  t = 1.17
CMC.computeControls:  t = 1.171
CMC.computeControls:  t = 1.172
CMC.computeControls:  t = 1.173
CMC.computeControls:  t = 1.174
CMC.computeControls:  t = 1.175
CMC.computeControls:  t = 1.176
CMC.computeControls:  t = 1.177
CMC.computeControls:  t = 1.178
CMC.computeControls:  t = 1.179
CMC.computeControls:  t = 1.18
CMC.computeControls:  t = 1.181
CMC.computeControls:  t = 1.182
CMC.computeControls:  t = 1.183
CMC.computeControls:  t = 1.184
CMC.computeControls:  t = 1.185
CMC.computeControls:  t = 1.186
CMC.computeControls:  t = 1.187
CMC.computeControls:  t = 1.188
CMC.computeControls:  t = 1.189
CMC.computeControls:  t = 1.19
CMC.computeControls:  t = 1.191
CMC.computeControls:  t = 1.192
CMC.computeControls:  t = 1.193
CMC.computeControls:  t = 1.194
CMC.computeControls:  t = 1.195
CMC.computeControls:  t = 1.196
CMC.computeControls:  t = 1.197
CMC.computeControls:  t = 1.198
CMC.computeControls:  t = 1.199
CMC.computeControls:  t = 1.2
CMC.computeControls:  t = 1.201
CMC.computeControls:  t = 1.202
CMC.computeControls:  t = 1.203
CMC.computeControls:  t = 1.204
CMC.computeControls:  t = 1.205
CMC.computeControls:  t = 1.206
CMC.computeControls:  t = 1.207
CMC.computeControls:  t = 1.208
CMC.computeControls:  t = 1.209
CMC.computeControls:  t = 1.21
CMC.computeControls:  t = 1.211
CMC.computeControls:  t = 1.212
CMC.computeControls:  t = 1.213
CMC.computeControls:  t = 1.214
CMC.computeControls:  t = 1.215
CMC.computeControls:  t = 1.216
CMC.computeControls:  t = 1.217
CMC.computeControls:  t = 1.218
CMC.computeControls:  t = 1.219
CMC.computeControls:  t = 1.22
CMC.computeControls:  t = 1.221
CMC.computeControls:  t = 1.222
CMC.computeControls:  t = 1.223
CMC.computeControls:  t = 1.224
CMC.computeControls:  t = 1.225
CMC.computeControls:  t = 1.226
CMC.computeControls:  t = 1.227
CMC.computeControls:  t = 1.228
CMC.computeControls:  t = 1.229
CMC.computeControls:  t = 1.23
CMC.computeControls:  t = 1.231
CMC.computeControls:  t = 1.232
CMC.computeControls:  t = 1.233
CMC.computeControls:  t = 1.234
CMC.computeControls:  t = 1.235
CMC.computeControls:  t = 1.236
CMC.computeControls:  t = 1.237
CMC.computeControls:  t = 1.238
CMC.computeControls:  t = 1.239
CMC.computeControls:  t = 1.24
CMC.computeControls:  t = 1.241
CMC.computeControls:  t = 1.242
CMC.computeControls:  t = 1.243
CMC.computeControls:  t = 1.244
CMC.computeControls:  t = 1.245
CMC.computeControls:  t = 1.246
CMC.computeControls:  t = 1.247
CMC.computeControls:  t = 1.248
CMC.computeControls:  t = 1.249
CMC.computeControls:  t = 1.25
CMC.computeControls:  t = 1.251
CMC.computeControls:  t = 1.252
CMC.computeControls:  t = 1.253
CMC.computeControls:  t = 1.254
CMC.computeControls:  t = 1.255
CMC.computeControls:  t = 1.256
CMC.computeControls:  t = 1.257
CMC.computeControls:  t = 1.258
CMC.computeControls:  t = 1.259
CMC.computeControls:  t = 1.26
CMC.computeControls:  t = 1.261
CMC.computeControls:  t = 1.262
CMC.computeControls:  t = 1.263
CMC.computeControls:  t = 1.264
CMC.computeControls:  t = 1.265
CMC.computeControls:  t = 1.266
CMC.computeControls:  t = 1.267
CMC.computeControls:  t = 1.268
CMC.computeControls:  t = 1.269
CMC.computeControls:  t = 1.27
CMC.computeControls:  t = 1.271
CMC.computeControls:  t = 1.272
CMC.computeControls:  t = 1.273
CMC.computeControls:  t = 1.274
CMC.computeControls:  t = 1.275
CMC.computeControls:  t = 1.276
CMC.computeControls:  t = 1.277
CMC.computeControls:  t = 1.278
CMC.computeControls:  t = 1.279
CMC.computeControls:  t = 1.28
CMC.computeControls:  t = 1.281
CMC.computeControls:  t = 1.282
CMC.computeControls:  t = 1.283
CMC.computeControls:  t = 1.284
CMC.computeControls:  t = 1.285
CMC.computeControls:  t = 1.286
CMC.computeControls:  t = 1.287
CMC.computeControls:  t = 1.288
CMC.computeControls:  t = 1.289
CMC.computeControls:  t = 1.29
CMC.computeControls:  t = 1.291
CMC.computeControls:  t = 1.292
CMC.computeControls:  t = 1.293
CMC.computeControls:  t = 1.294
CMC.computeControls:  t = 1.295
CMC.computeControls:  t = 1.296
CMC.computeControls:  t = 1.297
CMC.computeControls:  t = 1.298
CMC.computeControls:  t = 1.299
CMC.computeControls:  t = 1.3
CMC.computeControls:  t = 1.301
CMC.computeControls:  t = 1.302
CMC.computeControls:  t = 1.303
CMC.computeControls:  t = 1.304
CMC.computeControls:  t = 1.305
CMC.computeControls:  t = 1.306
CMC.computeControls:  t = 1.307
CMC.computeControls:  t = 1.308
CMC.computeControls:  t = 1.309
CMC.computeControls:  t = 1.31
CMC.computeControls:  t = 1.311
CMC.computeControls:  t = 1.312
CMC.computeControls:  t = 1.313
CMC.computeControls:  t = 1.314
CMC.computeControls:  t = 1.315
CMC.computeControls:  t = 1.316
CMC.computeControls:  t = 1.317
CMC.computeControls:  t = 1.318
CMC.computeControls:  t = 1.319
CMC.computeControls:  t = 1.32
CMC.computeControls:  t = 1.321
CMC.computeControls:  t = 1.322
CMC.computeControls:  t = 1.323
CMC.computeControls:  t = 1.324
CMC.computeControls:  t = 1.325
CMC.computeControls:  t = 1.326
CMC.computeControls:  t = 1.327
CMC.computeControls:  t = 1.328
CMC.computeControls:  t = 1.329
CMC.computeControls:  t = 1.33
CMC.computeControls:  t = 1.331
CMC.computeControls:  t = 1.332
CMC.computeControls:  t = 1.333
CMC.computeControls:  t = 1.334
CMC.computeControls:  t = 1.335
CMC.computeControls:  t = 1.336
CMC.computeControls:  t = 1.337
CMC.computeControls:  t = 1.338
CMC.computeControls:  t = 1.339
CMC.computeControls:  t = 1.34
CMC.computeControls:  t = 1.341
CMC.computeControls:  t = 1.342
CMC.computeControls:  t = 1.343
CMC.computeControls:  t = 1.344
CMC.computeControls:  t = 1.345
CMC.computeControls:  t = 1.346
CMC.computeControls:  t = 1.347
CMC.computeControls:  t = 1.348
CMC.computeControls:  t = 1.349
CMC.computeControls:  t = 1.35
CMC.computeControls:  t = 1.351
CMC.computeControls:  t = 1.352
CMC.computeControls:  t = 1.353
CMC.computeControls:  t = 1.354
CMC.computeControls:  t = 1.355
CMC.computeControls:  t = 1.356
CMC.computeControls:  t = 1.357
CMC.computeControls:  t = 1.358
CMC.computeControls:  t = 1.359
CMC.computeControls:  t = 1.36
CMC.computeControls:  t = 1.361
CMC.computeControls:  t = 1.362
CMC.computeControls:  t = 1.363
CMC.computeControls:  t = 1.364
CMC.computeControls:  t = 1.365
CMC.computeControls:  t = 1.366
CMC.computeControls:  t = 1.367
CMC.computeControls:  t = 1.368
CMC.computeControls:  t = 1.369
CMC.computeControls:  t = 1.37
CMC.computeControls:  t = 1.371
CMC.computeControls:  t = 1.372
CMC.computeControls:  t = 1.373
CMC.computeControls:  t = 1.374
CMC.computeControls:  t = 1.375
CMC.computeControls:  t = 1.376
CMC.computeControls:  t = 1.377
CMC.computeControls:  t = 1.378
CMC.computeControls:  t = 1.379
CMC.computeControls:  t = 1.38
CMC.computeControls:  t = 1.381
CMC.computeControls:  t = 1.382
CMC.computeControls:  t = 1.383
CMC.computeControls:  t = 1.384
CMC.computeControls:  t = 1.385
CMC.computeControls:  t = 1.386
CMC.computeControls:  t = 1.387
CMC.computeControls:  t = 1.388
CMC.computeControls:  t = 1.389
CMC.computeControls:  t = 1.39
CMC.computeControls:  t = 1.391
CMC.computeControls:  t = 1.392
CMC.computeControls:  t = 1.393
CMC.computeControls:  t = 1.394
CMC.computeControls:  t = 1.395
CMC.computeControls:  t = 1.396
CMC.computeControls:  t = 1.397
CMC.computeControls:  t = 1.398
CMC.computeControls:  t = 1.399
CMC.computeControls:  t = 1.4
CMC.computeControls:  t = 1.401
CMC.computeControls:  t = 1.402
CMC.computeControls:  t = 1.403
CMC.computeControls:  t = 1.404
CMC.computeControls:  t = 1.405
CMC.computeControls:  t = 1.406
CMC.computeControls:  t = 1.407
CMC.computeControls:  t = 1.408
CMC.computeControls:  t = 1.409
CMC.computeControls:  t = 1.41
CMC.computeControls:  t = 1.411
CMC.computeControls:  t = 1.412
CMC.computeControls:  t = 1.413
CMC.computeControls:  t = 1.414
CMC.computeControls:  t = 1.415
CMC.computeControls:  t = 1.416
CMC.computeControls:  t = 1.417
CMC.computeControls:  t = 1.418
CMC.computeControls:  t = 1.419
CMC.computeControls:  t = 1.42
CMC.computeControls:  t = 1.421
CMC.computeControls:  t = 1.422
CMC.computeControls:  t = 1.423
CMC.computeControls:  t = 1.424
CMC.computeControls:  t = 1.425
CMC.computeControls:  t = 1.426
CMC.computeControls:  t = 1.427
CMC.computeControls:  t = 1.428
CMC.computeControls:  t = 1.429
CMC.computeControls:  t = 1.43
CMC.computeControls:  t = 1.431
CMC.computeControls:  t = 1.432
CMC.computeControls:  t = 1.433
CMC.computeControls:  t = 1.434
CMC.computeControls:  t = 1.435
CMC.computeControls:  t = 1.436
CMC.computeControls:  t = 1.437
CMC.computeControls:  t = 1.438
CMC.computeControls:  t = 1.439
CMC.computeControls:  t = 1.44
CMC.computeControls:  t = 1.441
CMC.computeControls:  t = 1.442
CMC.computeControls:  t = 1.443
CMC.computeControls:  t = 1.444
CMC.computeControls:  t = 1.445
CMC.computeControls:  t = 1.446
CMC.computeControls:  t = 1.447
CMC.computeControls:  t = 1.448
CMC.computeControls:  t = 1.449
CMC.computeControls:  t = 1.45
CMC.computeControls:  t = 1.451
CMC.computeControls:  t = 1.452
CMC.computeControls:  t = 1.453
CMC.computeControls:  t = 1.454
CMC.computeControls:  t = 1.455
CMC.computeControls:  t = 1.456
CMC.computeControls:  t = 1.457
CMC.computeControls:  t = 1.458
CMC.computeControls:  t = 1.459
CMC.computeControls:  t = 1.46
CMC.computeControls:  t = 1.461
CMC.computeControls:  t = 1.462
CMC.computeControls:  t = 1.463
CMC.computeControls:  t = 1.464
CMC.computeControls:  t = 1.465
CMC.computeControls:  t = 1.466
CMC.computeControls:  t = 1.467
CMC.computeControls:  t = 1.468
CMC.computeControls:  t = 1.469
CMC.computeControls:  t = 1.47
CMC.computeControls:  t = 1.471
CMC.computeControls:  t = 1.472
CMC.computeControls:  t = 1.473
CMC.computeControls:  t = 1.474
CMC.computeControls:  t = 1.475
CMC.computeControls:  t = 1.476
CMC.computeControls:  t = 1.477
CMC.computeControls:  t = 1.478
CMC.computeControls:  t = 1.479
CMC.computeControls:  t = 1.48
CMC.computeControls:  t = 1.481
CMC.computeControls:  t = 1.482
CMC.computeControls:  t = 1.483
CMC.computeControls:  t = 1.484
CMC.computeControls:  t = 1.485
CMC.computeControls:  t = 1.486
CMC.computeControls:  t = 1.487
CMC.computeControls:  t = 1.488
CMC.computeControls:  t = 1.489
CMC.computeControls:  t = 1.49
CMC.computeControls:  t = 1.491
CMC.computeControls:  t = 1.492
CMC.computeControls:  t = 1.493
CMC.computeControls:  t = 1.494
CMC.computeControls:  t = 1.495
CMC.computeControls:  t = 1.496
CMC.computeControls:  t = 1.497
CMC.computeControls:  t = 1.498
CMC.computeControls:  t = 1.499
CMC.computeControls:  t = 1.5
CMC.computeControls:  t = 1.501
CMC.computeControls:  t = 1.502
CMC.computeControls:  t = 1.503
CMC.computeControls:  t = 1.504
CMC.computeControls:  t = 1.505
CMC.computeControls:  t = 1.506
CMC.computeControls:  t = 1.507
CMC.computeControls:  t = 1.508
CMC.computeControls:  t = 1.509
CMC.computeControls:  t = 1.51
CMC.computeControls:  t = 1.511
CMC.computeControls:  t = 1.512
CMC.computeControls:  t = 1.513
CMC.computeControls:  t = 1.514
CMC.computeControls:  t = 1.515
CMC.computeControls:  t = 1.516
CMC.computeControls:  t = 1.517
CMC.computeControls:  t = 1.518
CMC.computeControls:  t = 1.519
CMC.computeControls:  t = 1.52
CMC.computeControls:  t = 1.521
CMC.computeControls:  t = 1.522
CMC.computeControls:  t = 1.523
CMC.computeControls:  t = 1.524
CMC.computeControls:  t = 1.525
CMC.computeControls:  t = 1.526
CMC.computeControls:  t = 1.527
CMC.computeControls:  t = 1.528
CMC.computeControls:  t = 1.529
CMC.computeControls:  t = 1.53
CMC.computeControls:  t = 1.531
CMC.computeControls:  t = 1.532
CMC.computeControls:  t = 1.533
CMC.computeControls:  t = 1.534
CMC.computeControls:  t = 1.535
CMC.computeControls:  t = 1.536
CMC.computeControls:  t = 1.537
CMC.computeControls:  t = 1.538
CMC.computeControls:  t = 1.539
CMC.computeControls:  t = 1.54
CMC.computeControls:  t = 1.541
CMC.computeControls:  t = 1.542
CMC.computeControls:  t = 1.543
CMC.computeControls:  t = 1.544
CMC.computeControls:  t = 1.545
CMC.computeControls:  t = 1.546
CMC.computeControls:  t = 1.547
CMC.computeControls:  t = 1.548
CMC.computeControls:  t = 1.549
CMC.computeControls:  t = 1.55
CMC.computeControls:  t = 1.551
CMC.computeControls:  t = 1.552
CMC.computeControls:  t = 1.553
CMC.computeControls:  t = 1.554
CMC.computeControls:  t = 1.555
CMC.computeControls:  t = 1.556
CMC.computeControls:  t = 1.557
CMC.computeControls:  t = 1.558
CMC.computeControls:  t = 1.559
CMC.computeControls:  t = 1.56
CMC.computeControls:  t = 1.561
CMC.computeControls:  t = 1.562
CMC.computeControls:  t = 1.563
CMC.computeControls:  t = 1.564
CMC.computeControls:  t = 1.565
CMC.computeControls:  t = 1.566
CMC.computeControls:  t = 1.567
CMC.computeControls:  t = 1.568
CMC.computeControls:  t = 1.569
CMC.computeControls:  t = 1.57
CMC.computeControls:  t = 1.571
CMC.computeControls:  t = 1.572
CMC.computeControls:  t = 1.573
CMC.computeControls:  t = 1.574
CMC.computeControls:  t = 1.575
CMC.computeControls:  t = 1.576
CMC.computeControls:  t = 1.577
CMC.computeControls:  t = 1.578
CMC.computeControls:  t = 1.579
CMC.computeControls:  t = 1.58
CMC.computeControls:  t = 1.581
CMC.computeControls:  t = 1.582
CMC.computeControls:  t = 1.583
CMC.computeControls:  t = 1.584
CMC.computeControls:  t = 1.585
CMC.computeControls:  t = 1.586
CMC.computeControls:  t = 1.587
CMC.computeControls:  t = 1.588
CMC.computeControls:  t = 1.589
CMC.computeControls:  t = 1.59
CMC.computeControls:  t = 1.591
CMC.computeControls:  t = 1.592
CMC.computeControls:  t = 1.593
CMC.computeControls:  t = 1.594
CMC.computeControls:  t = 1.595
CMC.computeControls:  t = 1.596
CMC.computeControls:  t = 1.597
CMC.computeControls:  t = 1.598
CMC.computeControls:  t = 1.599
CMC.computeControls:  t = 1.6
CMC.computeControls:  t = 1.601
CMC.computeControls:  t = 1.602
CMC.computeControls:  t = 1.603
CMC.computeControls:  t = 1.604
CMC.computeControls:  t = 1.605
CMC.computeControls:  t = 1.606
CMC.computeControls:  t = 1.607
CMC.computeControls:  t = 1.608
CMC.computeControls:  t = 1.609
CMC.computeControls:  t = 1.61
CMC.computeControls:  t = 1.611
CMC.computeControls:  t = 1.612
CMC.computeControls:  t = 1.613
CMC.computeControls:  t = 1.614
CMC.computeControls:  t = 1.615
CMC.computeControls:  t = 1.616
CMC.computeControls:  t = 1.617
CMC.computeControls:  t = 1.618
CMC.computeControls:  t = 1.619
CMC.computeControls:  t = 1.62
CMC.computeControls:  t = 1.621
CMC.computeControls:  t = 1.622
CMC.computeControls:  t = 1.623
CMC.computeControls:  t = 1.624
CMC.computeControls:  t = 1.625
CMC.computeControls:  t = 1.626
CMC.computeControls:  t = 1.627
CMC.computeControls:  t = 1.628
CMC.computeControls:  t = 1.629
CMC.computeControls:  t = 1.63
CMC.computeControls:  t = 1.631
CMC.computeControls:  t = 1.632
CMC.computeControls:  t = 1.633
CMC.computeControls:  t = 1.634
CMC.computeControls:  t = 1.635
CMC.computeControls:  t = 1.636
CMC.computeControls:  t = 1.637
CMC.computeControls:  t = 1.638
CMC.computeControls:  t = 1.639
CMC.computeControls:  t = 1.64
CMC.computeControls:  t = 1.641
CMC.computeControls:  t = 1.642
CMC.computeControls:  t = 1.643
CMC.computeControls:  t = 1.644
CMC.computeControls:  t = 1.645
CMC.computeControls:  t = 1.646
CMC.computeControls:  t = 1.647
CMC.computeControls:  t = 1.648
CMC.computeControls:  t = 1.649
CMC.computeControls:  t = 1.65
CMC.computeControls:  t = 1.651
CMC.computeControls:  t = 1.652
CMC.computeControls:  t = 1.653
CMC.computeControls:  t = 1.654
CMC.computeControls:  t = 1.655
CMC.computeControls:  t = 1.656
CMC.computeControls:  t = 1.657
CMC.computeControls:  t = 1.658
CMC.computeControls:  t = 1.659
CMC.computeControls:  t = 1.66
CMC.computeControls:  t = 1.661
CMC.computeControls:  t = 1.662
CMC.computeControls:  t = 1.663
CMC.computeControls:  t = 1.664
CMC.computeControls:  t = 1.665
CMC.computeControls:  t = 1.666
CMC.computeControls:  t = 1.667
CMC.computeControls:  t = 1.668
CMC.computeControls:  t = 1.669
CMC.computeControls:  t = 1.67
CMC.computeControls:  t = 1.671
CMC.computeControls:  t = 1.672
CMC.computeControls:  t = 1.673
CMC.computeControls:  t = 1.674
CMC.computeControls:  t = 1.675
CMC.computeControls:  t = 1.676
CMC.computeControls:  t = 1.677
CMC.computeControls:  t = 1.678
CMC.computeControls:  t = 1.679
CMC.computeControls:  t = 1.68
CMC.computeControls:  t = 1.681
CMC.computeControls:  t = 1.682
CMC.computeControls:  t = 1.683
CMC.computeControls:  t = 1.684
CMC.computeControls:  t = 1.685
CMC.computeControls:  t = 1.686
CMC.computeControls:  t = 1.687
CMC.computeControls:  t = 1.688
CMC.computeControls:  t = 1.689
CMC.computeControls:  t = 1.69
CMC.computeControls:  t = 1.691
CMC.computeControls:  t = 1.692
CMC.computeControls:  t = 1.693
CMC.computeControls:  t = 1.694
CMC.computeControls:  t = 1.695
CMC.computeControls:  t = 1.696
CMC.computeControls:  t = 1.697
CMC.computeControls:  t = 1.698
CMC.computeControls:  t = 1.699
CMC.computeControls:  t = 1.7
CMC.computeControls:  t = 1.701
CMC.computeControls:  t = 1.702
CMC.computeControls:  t = 1.703
CMC.computeControls:  t = 1.704
CMC.computeControls:  t = 1.705
CMC.computeControls:  t = 1.706
CMC.computeControls:  t = 1.707
CMC.computeControls:  t = 1.708
CMC.computeControls:  t = 1.709
CMC.computeControls:  t = 1.71
CMC.computeControls:  t = 1.711
CMC.computeControls:  t = 1.712
CMC.computeControls:  t = 1.713
CMC.computeControls:  t = 1.714
CMC.computeControls:  t = 1.715
CMC.computeControls:  t = 1.716
CMC.computeControls:  t = 1.717
CMC.computeControls:  t = 1.718
CMC.computeControls:  t = 1.719
CMC.computeControls:  t = 1.72
CMC.computeControls:  t = 1.721
CMC.computeControls:  t = 1.722
CMC.computeControls:  t = 1.723
CMC.computeControls:  t = 1.724
CMC.computeControls:  t = 1.725
CMC.computeControls:  t = 1.726
CMC.computeControls:  t = 1.727
CMC.computeControls:  t = 1.728
CMC.computeControls:  t = 1.729
CMC.computeControls:  t = 1.73
CMC.computeControls:  t = 1.731
CMC.computeControls:  t = 1.732
CMC.computeControls:  t = 1.733
CMC.computeControls:  t = 1.734
CMC.computeControls:  t = 1.735
CMC.computeControls:  t = 1.736
CMC.computeControls:  t = 1.737
CMC.computeControls:  t = 1.738
CMC.computeControls:  t = 1.739
CMC.computeControls:  t = 1.74
CMC.computeControls:  t = 1.741
CMC.computeControls:  t = 1.742
CMC.computeControls:  t = 1.743
CMC.computeControls:  t = 1.744
CMC.computeControls:  t = 1.745
CMC.computeControls:  t = 1.746
CMC.computeControls:  t = 1.747
CMC.computeControls:  t = 1.748
CMC.computeControls:  t = 1.749
CMC.computeControls:  t = 1.75
CMC.computeControls:  t = 1.751
CMC.computeControls:  t = 1.752
CMC.computeControls:  t = 1.753
CMC.computeControls:  t = 1.754
CMC.computeControls:  t = 1.755
CMC.computeControls:  t = 1.756
CMC.computeControls:  t = 1.757
CMC.computeControls:  t = 1.758
CMC.computeControls:  t = 1.759
CMC.computeControls:  t = 1.76
CMC.computeControls:  t = 1.761
CMC.computeControls:  t = 1.762
CMC.computeControls:  t = 1.763
CMC.computeControls:  t = 1.764
CMC.computeControls:  t = 1.765
CMC.computeControls:  t = 1.766
CMC.computeControls:  t = 1.767
CMC.computeControls:  t = 1.768
CMC.computeControls:  t = 1.769
CMC.computeControls:  t = 1.77
CMC.computeControls:  t = 1.771
CMC.computeControls:  t = 1.772
CMC.computeControls:  t = 1.773
CMC.computeControls:  t = 1.774
CMC.computeControls:  t = 1.775
CMC.computeControls:  t = 1.776
CMC.computeControls:  t = 1.777
CMC.computeControls:  t = 1.778
CMC.computeControls:  t = 1.779
CMC.computeControls:  t = 1.78
CMC.computeControls:  t = 1.781
CMC.computeControls:  t = 1.782
CMC.computeControls:  t = 1.783
CMC.computeControls:  t = 1.784
CMC.computeControls:  t = 1.785
CMC.computeControls:  t = 1.786
CMC.computeControls:  t = 1.787
CMC.computeControls:  t = 1.788
CMC.computeControls:  t = 1.789
CMC.computeControls:  t = 1.79
CMC.computeControls:  t = 1.791
CMC.computeControls:  t = 1.792
CMC.computeControls:  t = 1.793
CMC.computeControls:  t = 1.794
CMC.computeControls:  t = 1.795
CMC.computeControls:  t = 1.796
CMC.computeControls:  t = 1.797
CMC.computeControls:  t = 1.798
CMC.computeControls:  t = 1.799
CMC.computeControls:  t = 1.8
CMC.computeControls:  t = 1.801
CMC.computeControls:  t = 1.802
CMC.computeControls:  t = 1.803
CMC.computeControls:  t = 1.804
CMC.computeControls:  t = 1.805
CMC.computeControls:  t = 1.806
CMC.computeControls:  t = 1.807
CMC.computeControls:  t = 1.808
CMC.computeControls:  t = 1.809
CMC.computeControls:  t = 1.81
CMC.computeControls:  t = 1.811
CMC.computeControls:  t = 1.812
CMC.computeControls:  t = 1.813
CMC.computeControls:  t = 1.814
CMC.computeControls:  t = 1.815
CMC.computeControls:  t = 1.816
CMC.computeControls:  t = 1.817
CMC.computeControls:  t = 1.818
CMC.computeControls:  t = 1.819
CMC.computeControls:  t = 1.82
CMC.computeControls:  t = 1.821
CMC.computeControls:  t = 1.822
CMC.computeControls:  t = 1.823
CMC.computeControls:  t = 1.824
CMC.computeControls:  t = 1.825
CMC.computeControls:  t = 1.826
CMC.computeControls:  t = 1.827
CMC.computeControls:  t = 1.828
CMC.computeControls:  t = 1.829
CMC.computeControls:  t = 1.83
CMC.computeControls:  t = 1.831
CMC.computeControls:  t = 1.832
CMC.computeControls:  t = 1.833
CMC.computeControls:  t = 1.834
CMC.computeControls:  t = 1.835
CMC.computeControls:  t = 1.836
CMC.computeControls:  t = 1.837
CMC.computeControls:  t = 1.838
CMC.computeControls:  t = 1.839
CMC.computeControls:  t = 1.84
CMC.computeControls:  t = 1.841
CMC.computeControls:  t = 1.842
CMC.computeControls:  t = 1.843
CMC.computeControls:  t = 1.844
CMC.computeControls:  t = 1.845
CMC.computeControls:  t = 1.846
CMC.computeControls:  t = 1.847
CMC.computeControls:  t = 1.848
CMC.computeControls:  t = 1.849
CMC.computeControls:  t = 1.85
CMC.computeControls:  t = 1.851
CMC.computeControls:  t = 1.852
CMC.computeControls:  t = 1.853
CMC.computeControls:  t = 1.854
CMC.computeControls:  t = 1.855
CMC.computeControls:  t = 1.856
CMC.computeControls:  t = 1.857
CMC.computeControls:  t = 1.858
CMC.computeControls:  t = 1.859
CMC.computeControls:  t = 1.86
CMC.computeControls:  t = 1.861
CMC.computeControls:  t = 1.862
CMC.computeControls:  t = 1.863
CMC.computeControls:  t = 1.864
CMC.computeControls:  t = 1.865
CMC.computeControls:  t = 1.866
CMC.computeControls:  t = 1.867
CMC.computeControls:  t = 1.868
CMC.computeControls:  t = 1.869
CMC.computeControls:  t = 1.87
CMC.computeControls:  t = 1.871
CMC.computeControls:  t = 1.872
CMC.computeControls:  t = 1.873
CMC.computeControls:  t = 1.874
CMC.computeControls:  t = 1.875
CMC.computeControls:  t = 1.876
CMC.computeControls:  t = 1.877
CMC.computeControls:  t = 1.878
CMC.computeControls:  t = 1.879
CMC.computeControls:  t = 1.88
CMC.computeControls:  t = 1.881
CMC.computeControls:  t = 1.882
CMC.computeControls:  t = 1.883
CMC.computeControls:  t = 1.884
CMC.computeControls:  t = 1.885
CMC.computeControls:  t = 1.886
CMC.computeControls:  t = 1.887
CMC.computeControls:  t = 1.888
CMC.computeControls:  t = 1.889
CMC.computeControls:  t = 1.89
CMC.computeControls:  t = 1.891
CMC.computeControls:  t = 1.892
CMC.computeControls:  t = 1.893
CMC.computeControls:  t = 1.894
CMC.computeControls:  t = 1.895
CMC.computeControls:  t = 1.896
CMC.computeControls:  t = 1.897
CMC.computeControls:  t = 1.898
CMC.computeControls:  t = 1.899
CMC.computeControls:  t = 1.9
CMC.computeControls:  t = 1.901
CMC.computeControls:  t = 1.902
CMC.computeControls:  t = 1.903
CMC.computeControls:  t = 1.904
CMC.computeControls:  t = 1.905
CMC.computeControls:  t = 1.906
CMC.computeControls:  t = 1.907
CMC.computeControls:  t = 1.908
CMC.computeControls:  t = 1.909
CMC.computeControls:  t = 1.91
CMC.computeControls:  t = 1.911
CMC.computeControls:  t = 1.912
CMC.computeControls:  t = 1.913
CMC.computeControls:  t = 1.914
CMC.computeControls:  t = 1.915
CMC.computeControls:  t = 1.916
CMC.computeControls:  t = 1.917
CMC.computeControls:  t = 1.918
CMC.computeControls:  t = 1.919
CMC.computeControls:  t = 1.92
CMC.computeControls:  t = 1.921
CMC.computeControls:  t = 1.922
CMC.computeControls:  t = 1.923
CMC.computeControls:  t = 1.924
CMC.computeControls:  t = 1.925
CMC.computeControls:  t = 1.926
CMC.computeControls:  t = 1.927
CMC.computeControls:  t = 1.928
CMC.computeControls:  t = 1.929
CMC.computeControls:  t = 1.93
CMC.computeControls:  t = 1.931
CMC.computeControls:  t = 1.932
CMC.computeControls:  t = 1.933
CMC.computeControls:  t = 1.934
CMC.computeControls:  t = 1.935
CMC.computeControls:  t = 1.936
CMC.computeControls:  t = 1.937
CMC.computeControls:  t = 1.938
CMC.computeControls:  t = 1.939
CMC.computeControls:  t = 1.94
CMC.computeControls:  t = 1.941
CMC.computeControls:  t = 1.942
CMC.computeControls:  t = 1.943
CMC.computeControls:  t = 1.944
CMC.computeControls:  t = 1.945
CMC.computeControls:  t = 1.946
CMC.computeControls:  t = 1.947
CMC.computeControls:  t = 1.948
CMC.computeControls:  t = 1.949
CMC.computeControls:  t = 1.95
CMC.computeControls:  t = 1.951
CMC.computeControls:  t = 1.952
CMC.computeControls:  t = 1.953
CMC.computeControls:  t = 1.954
CMC.computeControls:  t = 1.955
CMC.computeControls:  t = 1.956
CMC.computeControls:  t = 1.957
CMC.computeControls:  t = 1.958
CMC.computeControls:  t = 1.959
CMC.computeControls:  t = 1.96
CMC.computeControls:  t = 1.961
CMC.computeControls:  t = 1.962
CMC.computeControls:  t = 1.963
CMC.computeControls:  t = 1.964
CMC.computeControls:  t = 1.965
CMC.computeControls:  t = 1.966
CMC.computeControls:  t = 1.967
CMC.computeControls:  t = 1.968
CMC.computeControls:  t = 1.969
CMC.computeControls:  t = 1.97
CMC.computeControls:  t = 1.971
CMC.computeControls:  t = 1.972
CMC.computeControls:  t = 1.973
CMC.computeControls:  t = 1.974
CMC.computeControls:  t = 1.975
CMC.computeControls:  t = 1.976
CMC.computeControls:  t = 1.977
CMC.computeControls:  t = 1.978
CMC.computeControls:  t = 1.979
CMC.computeControls:  t = 1.98
CMC.computeControls:  t = 1.981
CMC.computeControls:  t = 1.982
CMC.computeControls:  t = 1.983
CMC.computeControls:  t = 1.984
CMC.computeControls:  t = 1.985
CMC.computeControls:  t = 1.986
CMC.computeControls:  t = 1.987
CMC.computeControls:  t = 1.988
CMC.computeControls:  t = 1.989
CMC.computeControls:  t = 1.99
CMC.computeControls:  t = 1.991
CMC.computeControls:  t = 1.992
CMC.computeControls:  t = 1.993
CMC.computeControls:  t = 1.994
CMC.computeControls:  t = 1.995
CMC.computeControls:  t = 1.996
CMC.computeControls:  t = 1.997
CMC.computeControls:  t = 1.998
CMC.computeControls:  t = 1.999
CMC.computeControls:  t = 2
CMC.computeControls:  t = 2.001
CMC.computeControls:  t = 2.002
CMC.computeControls:  t = 2.003
CMC.computeControls:  t = 2.004
CMC.computeControls:  t = 2.005
CMC.computeControls:  t = 2.006
CMC.computeControls:  t = 2.007
CMC.computeControls:  t = 2.008
CMC.computeControls:  t = 2.009
CMC.computeControls:  t = 2.01
CMC.computeControls:  t = 2.011
CMC.computeControls:  t = 2.012
CMC.computeControls:  t = 2.013
CMC.computeControls:  t = 2.014
CMC.computeControls:  t = 2.015
CMC.computeControls:  t = 2.016
CMC.computeControls:  t = 2.017
CMC.computeControls:  t = 2.018
CMC.computeControls:  t = 2.019
CMC.computeControls:  t = 2.02
CMC.computeControls:  t = 2.021
CMC.computeControls:  t = 2.022
CMC.computeControls:  t = 2.023
CMC.computeControls:  t = 2.024
CMC.computeControls:  t = 2.025
CMC.computeControls:  t = 2.026
CMC.computeControls:  t = 2.027
CMC.computeControls:  t = 2.028
CMC.computeControls:  t = 2.029
CMC.computeControls:  t = 2.03
CMC.computeControls:  t = 2.031
CMC.computeControls:  t = 2.032
CMC.computeControls:  t = 2.033
CMC.computeControls:  t = 2.034
CMC.computeControls:  t = 2.035
CMC.computeControls:  t = 2.036
CMC.computeControls:  t = 2.037
CMC.computeControls:  t = 2.038
CMC.computeControls:  t = 2.039
CMC.computeControls:  t = 2.04
CMC.computeControls:  t = 2.041
CMC.computeControls:  t = 2.042
CMC.computeControls:  t = 2.043
CMC.computeControls:  t = 2.044
CMC.computeControls:  t = 2.045
CMC.computeControls:  t = 2.046
CMC.computeControls:  t = 2.047
CMC.computeControls:  t = 2.048
CMC.computeControls:  t = 2.049
CMC.computeControls:  t = 2.05
CMC.computeControls:  t = 2.051
CMC.computeControls:  t = 2.052
CMC.computeControls:  t = 2.053
CMC.computeControls:  t = 2.054
CMC.computeControls:  t = 2.055
CMC.computeControls:  t = 2.056
CMC.computeControls:  t = 2.057
CMC.computeControls:  t = 2.058
CMC.computeControls:  t = 2.059
CMC.computeControls:  t = 2.06
CMC.computeControls:  t = 2.061
CMC.computeControls:  t = 2.062
CMC.computeControls:  t = 2.063
CMC.computeControls:  t = 2.064
CMC.computeControls:  t = 2.065
CMC.computeControls:  t = 2.066
CMC.computeControls:  t = 2.067
CMC.computeControls:  t = 2.068
CMC.computeControls:  t = 2.069
CMC.computeControls:  t = 2.07
CMC.computeControls:  t = 2.071
CMC.computeControls:  t = 2.072
CMC.computeControls:  t = 2.073
CMC.computeControls:  t = 2.074
CMC.computeControls:  t = 2.075
CMC.computeControls:  t = 2.076
CMC.computeControls:  t = 2.077
CMC.computeControls:  t = 2.078
CMC.computeControls:  t = 2.079
CMC.computeControls:  t = 2.08
CMC.computeControls:  t = 2.081
CMC.computeControls:  t = 2.082
CMC.computeControls:  t = 2.083
CMC.computeControls:  t = 2.084
CMC.computeControls:  t = 2.085
CMC.computeControls:  t = 2.086
CMC.computeControls:  t = 2.087
CMC.computeControls:  t = 2.088
CMC.computeControls:  t = 2.089
CMC.computeControls:  t = 2.09
CMC.computeControls:  t = 2.091
CMC.computeControls:  t = 2.092
CMC.computeControls:  t = 2.093
CMC.computeControls:  t = 2.094
CMC.computeControls:  t = 2.095
CMC.computeControls:  t = 2.096
CMC.computeControls:  t = 2.097
CMC.computeControls:  t = 2.098
CMC.computeControls:  t = 2.099
CMC.computeControls:  t = 2.1
CMC.computeControls:  t = 2.101
CMC.computeControls:  t = 2.102
CMC.computeControls:  t = 2.103
CMC.computeControls:  t = 2.104
CMC.computeControls:  t = 2.105
CMC.computeControls:  t = 2.106
CMC.computeControls:  t = 2.107
CMC.computeControls:  t = 2.108
CMC.computeControls:  t = 2.109
CMC.computeControls:  t = 2.11
CMC.computeControls:  t = 2.111
CMC.computeControls:  t = 2.112
CMC.computeControls:  t = 2.113
CMC.computeControls:  t = 2.114
CMC.computeControls:  t = 2.115
CMC.computeControls:  t = 2.116
CMC.computeControls:  t = 2.117
CMC.computeControls:  t = 2.118
CMC.computeControls:  t = 2.119
CMC.computeControls:  t = 2.12
CMC.computeControls:  t = 2.121
CMC.computeControls:  t = 2.122
CMC.computeControls:  t = 2.123
CMC.computeControls:  t = 2.124
CMC.computeControls:  t = 2.125
CMC.computeControls:  t = 2.126
CMC.computeControls:  t = 2.127
CMC.computeControls:  t = 2.128
CMC.computeControls:  t = 2.129
CMC.computeControls:  t = 2.13
CMC.computeControls:  t = 2.131
CMC.computeControls:  t = 2.132
CMC.computeControls:  t = 2.133
CMC.computeControls:  t = 2.134
CMC.computeControls:  t = 2.135
CMC.computeControls:  t = 2.136
CMC.computeControls:  t = 2.137
CMC.computeControls:  t = 2.138
CMC.computeControls:  t = 2.139
CMC.computeControls:  t = 2.14
CMC.computeControls:  t = 2.141
CMC.computeControls:  t = 2.142
CMC.computeControls:  t = 2.143
CMC.computeControls:  t = 2.144
CMC.computeControls:  t = 2.145
CMC.computeControls:  t = 2.146
CMC.computeControls:  t = 2.147
CMC.computeControls:  t = 2.148
CMC.computeControls:  t = 2.149
CMC.computeControls:  t = 2.15
CMC.computeControls:  t = 2.151
CMC.computeControls:  t = 2.152
CMC.computeControls:  t = 2.153
CMC.computeControls:  t = 2.154
CMC.computeControls:  t = 2.155
CMC.computeControls:  t = 2.156
CMC.computeControls:  t = 2.157
CMC.computeControls:  t = 2.158
CMC.computeControls:  t = 2.159
CMC.computeControls:  t = 2.16
CMC.computeControls:  t = 2.161
CMC.computeControls:  t = 2.162
CMC.computeControls:  t = 2.163
CMC.computeControls:  t = 2.164
CMC.computeControls:  t = 2.165
CMC.computeControls:  t = 2.166
CMC.computeControls:  t = 2.167
CMC.computeControls:  t = 2.168
CMC.computeControls:  t = 2.169
CMC.computeControls:  t = 2.17
CMC.computeControls:  t = 2.171
CMC.computeControls:  t = 2.172
CMC.computeControls:  t = 2.173
CMC.computeControls:  t = 2.174
CMC.computeControls:  t = 2.175
CMC.computeControls:  t = 2.176
CMC.computeControls:  t = 2.177
CMC.computeControls:  t = 2.178
CMC.computeControls:  t = 2.179
CMC.computeControls:  t = 2.18
CMC.computeControls:  t = 2.181
CMC.computeControls:  t = 2.182
CMC.computeControls:  t = 2.183
CMC.computeControls:  t = 2.184
CMC.computeControls:  t = 2.185
CMC.computeControls:  t = 2.186
CMC.computeControls:  t = 2.187
CMC.computeControls:  t = 2.188
CMC.computeControls:  t = 2.189
CMC.computeControls:  t = 2.19
CMC.computeControls:  t = 2.191
CMC.computeControls:  t = 2.192
CMC.computeControls:  t = 2.193
CMC.computeControls:  t = 2.194
CMC.computeControls:  t = 2.195
CMC.computeControls:  t = 2.196
CMC.computeControls:  t = 2.197
CMC.computeControls:  t = 2.198
CMC.computeControls:  t = 2.199
CMC.computeControls:  t = 2.2
CMC.computeControls:  t = 2.201
CMC.computeControls:  t = 2.202
CMC.computeControls:  t = 2.203
CMC.computeControls:  t = 2.204
CMC.computeControls:  t = 2.205
CMC.computeControls:  t = 2.206
CMC.computeControls:  t = 2.207
CMC.computeControls:  t = 2.208
CMC.computeControls:  t = 2.209
CMC.computeControls:  t = 2.21
CMC.computeControls:  t = 2.211
CMC.computeControls:  t = 2.212
CMC.computeControls:  t = 2.213
CMC.computeControls:  t = 2.214
CMC.computeControls:  t = 2.215
CMC.computeControls:  t = 2.216
CMC.computeControls:  t = 2.217
CMC.computeControls:  t = 2.218
CMC.computeControls:  t = 2.219
CMC.computeControls:  t = 2.22
CMC.computeControls:  t = 2.221
CMC.computeControls:  t = 2.222
CMC.computeControls:  t = 2.223
CMC.computeControls:  t = 2.224
CMC.computeControls:  t = 2.225
CMC.computeControls:  t = 2.226
CMC.computeControls:  t = 2.227
CMC.computeControls:  t = 2.228
CMC.computeControls:  t = 2.229
CMC.computeControls:  t = 2.23
CMC.computeControls:  t = 2.231
CMC.computeControls:  t = 2.232
CMC.computeControls:  t = 2.233
CMC.computeControls:  t = 2.234
CMC.computeControls:  t = 2.235
CMC.computeControls:  t = 2.236
CMC.computeControls:  t = 2.237
CMC.computeControls:  t = 2.238
CMC.computeControls:  t = 2.239
CMC.computeControls:  t = 2.24
CMC.computeControls:  t = 2.241
CMC.computeControls:  t = 2.242
CMC.computeControls:  t = 2.243
CMC.computeControls:  t = 2.244
CMC.computeControls:  t = 2.245
CMC.computeControls:  t = 2.246
CMC.computeControls:  t = 2.247
CMC.computeControls:  t = 2.248
CMC.computeControls:  t = 2.249
CMC.computeControls:  t = 2.25
CMC.computeControls:  t = 2.251
CMC.computeControls:  t = 2.252
CMC.computeControls:  t = 2.253
CMC.computeControls:  t = 2.254
CMC.computeControls:  t = 2.255
CMC.computeControls:  t = 2.256
CMC.computeControls:  t = 2.257
CMC.computeControls:  t = 2.258
CMC.computeControls:  t = 2.259
CMC.computeControls:  t = 2.26
CMC.computeControls:  t = 2.261
CMC.computeControls:  t = 2.262
CMC.computeControls:  t = 2.263
CMC.computeControls:  t = 2.264
CMC.computeControls:  t = 2.265
CMC.computeControls:  t = 2.266
CMC.computeControls:  t = 2.267
CMC.computeControls:  t = 2.268
CMC.computeControls:  t = 2.269
CMC.computeControls:  t = 2.27
CMC.computeControls:  t = 2.271
CMC.computeControls:  t = 2.272
CMC.computeControls:  t = 2.273
CMC.computeControls:  t = 2.274
CMC.computeControls:  t = 2.275
CMC.computeControls:  t = 2.276
CMC.computeControls:  t = 2.277
CMC.computeControls:  t = 2.278
CMC.computeControls:  t = 2.279
CMC.computeControls:  t = 2.28
CMC.computeControls:  t = 2.281
CMC.computeControls:  t = 2.282
CMC.computeControls:  t = 2.283
CMC.computeControls:  t = 2.284
CMC.computeControls:  t = 2.285
CMC.computeControls:  t = 2.286
CMC.computeControls:  t = 2.287
CMC.computeControls:  t = 2.288
CMC.computeControls:  t = 2.289
CMC.computeControls:  t = 2.29
CMC.computeControls:  t = 2.291
CMC.computeControls:  t = 2.292
CMC.computeControls:  t = 2.293
CMC.computeControls:  t = 2.294
CMC.computeControls:  t = 2.295
CMC.computeControls:  t = 2.296
CMC.computeControls:  t = 2.297
CMC.computeControls:  t = 2.298
CMC.computeControls:  t = 2.299
CMC.computeControls:  t = 2.3
CMC.computeControls:  t = 2.301
CMC.computeControls:  t = 2.302
CMC.computeControls:  t = 2.303
CMC.computeControls:  t = 2.304
CMC.computeControls:  t = 2.305
CMC.computeControls:  t = 2.306
CMC.computeControls:  t = 2.307
CMC.computeControls:  t = 2.308
CMC.computeControls:  t = 2.309
CMC.computeControls:  t = 2.31
CMC.computeControls:  t = 2.311
CMC.computeControls:  t = 2.312
CMC.computeControls:  t = 2.313
CMC.computeControls:  t = 2.314
CMC.computeControls:  t = 2.315
CMC.computeControls:  t = 2.316
CMC.computeControls:  t = 2.317
CMC.computeControls:  t = 2.318
CMC.computeControls:  t = 2.319
CMC.computeControls:  t = 2.32
CMC.computeControls:  t = 2.321
CMC.computeControls:  t = 2.322
CMC.computeControls:  t = 2.323
CMC.computeControls:  t = 2.324
CMC.computeControls:  t = 2.325
CMC.computeControls:  t = 2.326
CMC.computeControls:  t = 2.327
CMC.computeControls:  t = 2.328
CMC.computeControls:  t = 2.329
CMC.computeControls:  t = 2.33
CMC.computeControls:  t = 2.331
CMC.computeControls:  t = 2.332
CMC.computeControls:  t = 2.333
CMC.computeControls:  t = 2.334
CMC.computeControls:  t = 2.335
CMC.computeControls:  t = 2.336
CMC.computeControls:  t = 2.337
CMC.computeControls:  t = 2.338
CMC.computeControls:  t = 2.339
CMC.computeControls:  t = 2.34
CMC.computeControls:  t = 2.341
CMC.computeControls:  t = 2.342
CMC.computeControls:  t = 2.343
CMC.computeControls:  t = 2.344
CMC.computeControls:  t = 2.345
CMC.computeControls:  t = 2.346
CMC.computeControls:  t = 2.347
CMC.computeControls:  t = 2.348
CMC.computeControls:  t = 2.349
CMC.computeControls:  t = 2.35
CMC.computeControls:  t = 2.351
CMC.computeControls:  t = 2.352
CMC.computeControls:  t = 2.353
CMC.computeControls:  t = 2.354
CMC.computeControls:  t = 2.355
CMC.computeControls:  t = 2.356
CMC.computeControls:  t = 2.357
CMC.computeControls:  t = 2.358
CMC.computeControls:  t = 2.359
CMC.computeControls:  t = 2.36
CMC.computeControls:  t = 2.361
CMC.computeControls:  t = 2.362
CMC.computeControls:  t = 2.363
CMC.computeControls:  t = 2.364
CMC.computeControls:  t = 2.365
CMC.computeControls:  t = 2.366
CMC.computeControls:  t = 2.367
CMC.computeControls:  t = 2.368
CMC.computeControls:  t = 2.369
CMC.computeControls:  t = 2.37
CMC.computeControls:  t = 2.371
CMC.computeControls:  t = 2.372
CMC.computeControls:  t = 2.373
CMC.computeControls:  t = 2.374
CMC.computeControls:  t = 2.375
CMC.computeControls:  t = 2.376
CMC.computeControls:  t = 2.377
CMC.computeControls:  t = 2.378
CMC.computeControls:  t = 2.379
CMC.computeControls:  t = 2.38
CMC.computeControls:  t = 2.381
CMC.computeControls:  t = 2.382
CMC.computeControls:  t = 2.383
CMC.computeControls:  t = 2.384
CMC.computeControls:  t = 2.385
CMC.computeControls:  t = 2.386
CMC.computeControls:  t = 2.387
CMC.computeControls:  t = 2.388
CMC.computeControls:  t = 2.389
CMC.computeControls:  t = 2.39
CMC.computeControls:  t = 2.391
CMC.computeControls:  t = 2.392
CMC.computeControls:  t = 2.393
CMC.computeControls:  t = 2.394
CMC.computeControls:  t = 2.395
CMC.computeControls:  t = 2.396
CMC.computeControls:  t = 2.397
CMC.computeControls:  t = 2.398
CMC.computeControls:  t = 2.399
CMC.computeControls:  t = 2.4
CMC.computeControls:  t = 2.401
CMC.computeControls:  t = 2.402
CMC.computeControls:  t = 2.403
CMC.computeControls:  t = 2.404
CMC.computeControls:  t = 2.405
CMC.computeControls:  t = 2.406
CMC.computeControls:  t = 2.407
CMC.computeControls:  t = 2.408
CMC.computeControls:  t = 2.409
CMC.computeControls:  t = 2.41
CMC.computeControls:  t = 2.411
CMC.computeControls:  t = 2.412
CMC.computeControls:  t = 2.413
CMC.computeControls:  t = 2.414
CMC.computeControls:  t = 2.415
CMC.computeControls:  t = 2.416
CMC.computeControls:  t = 2.417
CMC.computeControls:  t = 2.418
CMC.computeControls:  t = 2.419
CMC.computeControls:  t = 2.42
CMC.computeControls:  t = 2.421
CMC.computeControls:  t = 2.422
CMC.computeControls:  t = 2.423
CMC.computeControls:  t = 2.424
CMC.computeControls:  t = 2.425
CMC.computeControls:  t = 2.426
CMC.computeControls:  t = 2.427
CMC.computeControls:  t = 2.428
CMC.computeControls:  t = 2.429
CMC.computeControls:  t = 2.43
CMC.computeControls:  t = 2.431
CMC.computeControls:  t = 2.432
CMC.computeControls:  t = 2.433
CMC.computeControls:  t = 2.434
CMC.computeControls:  t = 2.435
CMC.computeControls:  t = 2.436
CMC.computeControls:  t = 2.437
CMC.computeControls:  t = 2.438
CMC.computeControls:  t = 2.439
CMC.computeControls:  t = 2.44
CMC.computeControls:  t = 2.441
CMC.computeControls:  t = 2.442
CMC.computeControls:  t = 2.443
CMC.computeControls:  t = 2.444
CMC.computeControls:  t = 2.445
CMC.computeControls:  t = 2.446
CMC.computeControls:  t = 2.447
CMC.computeControls:  t = 2.448
CMC.computeControls:  t = 2.449
CMC.computeControls:  t = 2.45
CMC.computeControls:  t = 2.451
CMC.computeControls:  t = 2.452
CMC.computeControls:  t = 2.453
CMC.computeControls:  t = 2.454
CMC.computeControls:  t = 2.455
CMC.computeControls:  t = 2.456
CMC.computeControls:  t = 2.457
CMC.computeControls:  t = 2.458
CMC.computeControls:  t = 2.459
CMC.computeControls:  t = 2.46
CMC.computeControls:  t = 2.461
CMC.computeControls:  t = 2.462
CMC.computeControls:  t = 2.463
CMC.computeControls:  t = 2.464
CMC.computeControls:  t = 2.465
CMC.computeControls:  t = 2.466
CMC.computeControls:  t = 2.467
CMC.computeControls:  t = 2.468
CMC.computeControls:  t = 2.469
CMC.computeControls:  t = 2.47
CMC.computeControls:  t = 2.471
CMC.computeControls:  t = 2.472
CMC.computeControls:  t = 2.473
CMC.computeControls:  t = 2.474
CMC.computeControls:  t = 2.475
CMC.computeControls:  t = 2.476
CMC.computeControls:  t = 2.477
CMC.computeControls:  t = 2.478
CMC.computeControls:  t = 2.479
CMC.computeControls:  t = 2.48
CMC.computeControls:  t = 2.481
CMC.computeControls:  t = 2.482
CMC.computeControls:  t = 2.483
CMC.computeControls:  t = 2.484
CMC.computeControls:  t = 2.485
CMC.computeControls:  t = 2.486
CMC.computeControls:  t = 2.487
CMC.computeControls:  t = 2.488
CMC.computeControls:  t = 2.489
CMC.computeControls:  t = 2.49
CMC.computeControls:  t = 2.491
CMC.computeControls:  t = 2.492
CMC.computeControls:  t = 2.493
CMC.computeControls:  t = 2.494
CMC.computeControls:  t = 2.495
CMC.computeControls:  t = 2.496
CMC.computeControls:  t = 2.497
CMC.computeControls:  t = 2.498
CMC.computeControls:  t = 2.499
----------------------------------------------------------------
Finished tracking the specified kinematics
=================================================================
Start time   = Wed Jul 10 11:14:57 2013
Finish time  = Wed Jul 10 11:15:25 2013
Elapsed time = 28 seconds.
================================================================


Printing results of investigation subject_adjusted to Results.
************************************************************
*                   Final Average Residuals                *
************************************************************
* After  COM and Kinematics adjustments:
*  FX=-3.76711 FY=-2.84942 FZ=0
*  MX=0 MY=0 MZ=-3.37546
************************************************************


