Constructing tool from setup file walk_Setup_IK.xml.

Loaded model walk_subject01 from file ../subject01.osim
               MODEL: walk_subject01
         coordinates: 10
              forces: 18
           actuators: 18
             muscles: 18
            analyses: 0
              probes: 0
              bodies: 13
              joints: 12
         constraints: 0
             markers: 39
         controllers: 0
  contact geometries: 0
misc modelcomponents: 0
Running tool .
Loaded marker file ../ExperimentalData/subject01_walk.trc (41 markers, 151 frames)
Frame 1 (t=0.0166667):	total squared error = 0.0184276, marker error: RMS=0.0243811, max=0.0655043 (R.Acromium)
Frame 2 (t=0.0333333):	total squared error = 0.0190513, marker error: RMS=0.0247903, max=0.0642055 (L.Acromium)
Frame 3 (t=0.05):	total squared error = 0.0197071, marker error: RMS=0.0252133, max=0.0692792 (L.Acromium)
Frame 4 (t=0.0666667):	total squared error = 0.0201594, marker error: RMS=0.0255011, max=0.0743903 (L.Acromium)
Frame 5 (t=0.0833333):	total squared error = 0.020106, marker error: RMS=0.0254672, max=0.0790907 (L.Acromium)
Frame 6 (t=0.1):	total squared error = 0.0200712, marker error: RMS=0.0254452, max=0.0835264 (L.Acromium)
Frame 7 (t=0.116667):	total squared error = 0.0204642, marker error: RMS=0.0256931, max=0.0880481 (L.Acromium)
Frame 8 (t=0.133333):	total squared error = 0.0212337, marker error: RMS=0.0261717, max=0.0925606 (L.Acromium)
Frame 9 (t=0.15):	total squared error = 0.0221389, marker error: RMS=0.0267238, max=0.0957886 (L.Acromium)
Frame 10 (t=0.166667):	total squared error = 0.023407, marker error: RMS=0.0274784, max=0.0995793 (L.Acromium)
Frame 11 (t=0.183333):	total squared error = 0.0250054, marker error: RMS=0.0284011, max=0.1027 (L.Acromium)
Frame 12 (t=0.2):	total squared error = 0.0268258, marker error: RMS=0.0294168, max=0.105042 (L.Acromium)
Frame 13 (t=0.216667):	total squared error = 0.0291135, marker error: RMS=0.0306455, max=0.106491 (L.Acromium)
Frame 14 (t=0.233333):	total squared error = 0.031559, marker error: RMS=0.0319066, max=0.108294 (L.Acromium)
Frame 15 (t=0.25):	total squared error = 0.0335822, marker error: RMS=0.0329135, max=0.109389 (L.Acromium)
Frame 16 (t=0.266667):	total squared error = 0.0353122, marker error: RMS=0.0337506, max=0.109942 (L.Acromium)
Frame 17 (t=0.283333):	total squared error = 0.0363571, marker error: RMS=0.0342463, max=0.110945 (L.Acromium)
Frame 18 (t=0.3):	total squared error = 0.0373148, marker error: RMS=0.0346944, max=0.111582 (L.Acromium)
Frame 19 (t=0.316667):	total squared error = 0.0378064, marker error: RMS=0.0349222, max=0.11247 (L.Acromium)
Frame 20 (t=0.333333):	total squared error = 0.0379607, marker error: RMS=0.0349934, max=0.112456 (L.Acromium)
Frame 21 (t=0.35):	total squared error = 0.0379846, marker error: RMS=0.0350044, max=0.112517 (L.Acromium)
Frame 22 (t=0.366667):	total squared error = 0.0379441, marker error: RMS=0.0349857, max=0.11219 (L.Acromium)
Frame 23 (t=0.383333):	total squared error = 0.0385506, marker error: RMS=0.0352643, max=0.112825 (L.Acromium)
Frame 24 (t=0.4):	total squared error = 0.0385932, marker error: RMS=0.0352838, max=0.111697 (L.Acromium)
Frame 25 (t=0.416667):	total squared error = 0.0390145, marker error: RMS=0.0354758, max=0.111983 (L.Acromium)
Frame 26 (t=0.433333):	total squared error = 0.0390495, marker error: RMS=0.0354917, max=0.111808 (L.Acromium)
Frame 27 (t=0.45):	total squared error = 0.0392539, marker error: RMS=0.0355845, max=0.110741 (L.Acromium)
Frame 28 (t=0.466667):	total squared error = 0.0394918, marker error: RMS=0.0356922, max=0.109988 (L.Acromium)
Frame 29 (t=0.483333):	total squared error = 0.0392205, marker error: RMS=0.0355693, max=0.109016 (L.Acromium)
Frame 30 (t=0.5):	total squared error = 0.038555, marker error: RMS=0.0352663, max=0.10702 (L.Acromium)
Frame 31 (t=0.516667):	total squared error = 0.0376181, marker error: RMS=0.0348351, max=0.105056 (L.Acromium)
Frame 32 (t=0.533333):	total squared error = 0.0362887, marker error: RMS=0.0342141, max=0.102437 (L.Acromium)
Frame 33 (t=0.55):	total squared error = 0.0350138, marker error: RMS=0.0336077, max=0.100051 (L.Acromium)
Frame 34 (t=0.566667):	total squared error = 0.0337855, marker error: RMS=0.033013, max=0.0968705 (L.Acromium)
Frame 35 (t=0.583333):	total squared error = 0.0325436, marker error: RMS=0.0324005, max=0.0934035 (L.Acromium)
Frame 36 (t=0.6):	total squared error = 0.0308026, marker error: RMS=0.0315219, max=0.0894691 (L.Acromium)
Frame 37 (t=0.616667):	total squared error = 0.0295292, marker error: RMS=0.0308635, max=0.0865677 (L.Acromium)
Frame 38 (t=0.633333):	total squared error = 0.0284699, marker error: RMS=0.0303049, max=0.082827 (L.Acromium)
Frame 39 (t=0.65):	total squared error = 0.0272178, marker error: RMS=0.029631, max=0.0791441 (L.Acromium)
Frame 40 (t=0.666667):	total squared error = 0.025624, marker error: RMS=0.0287503, max=0.0745392 (L.Acromium)
Frame 41 (t=0.683333):	total squared error = 0.0242612, marker error: RMS=0.0279753, max=0.0740348 (R.Acromium)
Frame 42 (t=0.7):	total squared error = 0.0232419, marker error: RMS=0.0273814, max=0.0759814 (R.Acromium)
Frame 43 (t=0.716667):	total squared error = 0.0224051, marker error: RMS=0.0268839, max=0.0793638 (R.Acromium)
Frame 44 (t=0.733333):	total squared error = 0.0216885, marker error: RMS=0.0264505, max=0.0813565 (R.Acromium)
Frame 45 (t=0.75):	total squared error = 0.0215129, marker error: RMS=0.0263432, max=0.0853661 (R.Acromium)
Frame 46 (t=0.766667):	total squared error = 0.0216453, marker error: RMS=0.0264242, max=0.0873167 (R.Acromium)
Frame 47 (t=0.783333):	total squared error = 0.0212236, marker error: RMS=0.0261655, max=0.0891742 (R.Acromium)
Frame 48 (t=0.8):	total squared error = 0.0216033, marker error: RMS=0.0263985, max=0.0913935 (R.Acromium)
Frame 49 (t=0.816667):	total squared error = 0.021694, marker error: RMS=0.0264539, max=0.09325 (R.Acromium)
Frame 50 (t=0.833333):	total squared error = 0.0220942, marker error: RMS=0.0266967, max=0.0945142 (R.Acromium)
Frame 51 (t=0.85):	total squared error = 0.0227949, marker error: RMS=0.0271168, max=0.0956102 (R.Acromium)
Frame 52 (t=0.866667):	total squared error = 0.0237507, marker error: RMS=0.0276794, max=0.0965742 (R.Acromium)
Frame 53 (t=0.883333):	total squared error = 0.0241175, marker error: RMS=0.0278924, max=0.0972256 (R.Acromium)
Frame 54 (t=0.9):	total squared error = 0.0236201, marker error: RMS=0.0276032, max=0.0971584 (R.Acromium)
Frame 55 (t=0.916667):	total squared error = 0.0233919, marker error: RMS=0.0274696, max=0.0977571 (R.Acromium)
Frame 56 (t=0.933333):	total squared error = 0.0232611, marker error: RMS=0.0273927, max=0.0975242 (R.Acromium)
Frame 57 (t=0.95):	total squared error = 0.0230319, marker error: RMS=0.0272574, max=0.0967857 (R.Acromium)
Frame 58 (t=0.966667):	total squared error = 0.023157, marker error: RMS=0.0273313, max=0.097047 (R.Acromium)
Frame 59 (t=0.983333):	total squared error = 0.0233023, marker error: RMS=0.0274169, max=0.097827 (R.Acromium)
Frame 60 (t=1):	total squared error = 0.0228898, marker error: RMS=0.0271731, max=0.0969073 (R.Acromium)
Frame 61 (t=1.01667):	total squared error = 0.0228155, marker error: RMS=0.027129, max=0.096737 (R.Acromium)
Frame 62 (t=1.03333):	total squared error = 0.0230289, marker error: RMS=0.0272556, max=0.0965866 (R.Acromium)
Frame 63 (t=1.05):	total squared error = 0.0228575, marker error: RMS=0.027154, max=0.0961329 (R.Acromium)
Frame 64 (t=1.06667):	total squared error = 0.0229914, marker error: RMS=0.0272334, max=0.09508 (R.Acromium)
Frame 65 (t=1.08333):	total squared error = 0.0229985, marker error: RMS=0.0272376, max=0.0939487 (R.Acromium)
Frame 66 (t=1.1):	total squared error = 0.0232372, marker error: RMS=0.0273786, max=0.0930607 (R.Acromium)
Frame 67 (t=1.11667):	total squared error = 0.0233121, marker error: RMS=0.0274227, max=0.092287 (R.Acromium)
Frame 68 (t=1.13333):	total squared error = 0.0229502, marker error: RMS=0.027209, max=0.0903407 (R.Acromium)
Frame 69 (t=1.15):	total squared error = 0.0224064, marker error: RMS=0.0268847, max=0.0879645 (R.Acromium)
Frame 70 (t=1.16667):	total squared error = 0.0223402, marker error: RMS=0.026845, max=0.0862175 (R.Acromium)
Frame 71 (t=1.18333):	total squared error = 0.0225422, marker error: RMS=0.0269661, max=0.0835709 (R.Acromium)
Frame 72 (t=1.2):	total squared error = 0.0229064, marker error: RMS=0.027183, max=0.0810844 (R.Acromium)
Frame 73 (t=1.21667):	total squared error = 0.0234994, marker error: RMS=0.0275326, max=0.078132 (R.Acromium)
Frame 74 (t=1.23333):	total squared error = 0.024311, marker error: RMS=0.028004, max=0.0759871 (R.Acromium)
Frame 75 (t=1.25):	total squared error = 0.0249784, marker error: RMS=0.0283858, max=0.072975 (R.Acromium)
Frame 76 (t=1.26667):	total squared error = 0.0260111, marker error: RMS=0.0289667, max=0.0705005 (R.Acromium)
Frame 77 (t=1.28333):	total squared error = 0.0272685, marker error: RMS=0.0296586, max=0.0677965 (R.Acromium)
Frame 78 (t=1.3):	total squared error = 0.0280887, marker error: RMS=0.0301013, max=0.0668311 (L.Acromium)
Frame 79 (t=1.31667):	total squared error = 0.028741, marker error: RMS=0.0304488, max=0.0716593 (L.Acromium)
Frame 80 (t=1.33333):	total squared error = 0.0287481, marker error: RMS=0.0304525, max=0.0759896 (L.Acromium)
Frame 81 (t=1.35):	total squared error = 0.0285791, marker error: RMS=0.0303629, max=0.080338 (L.Acromium)
Frame 82 (t=1.36667):	total squared error = 0.0283249, marker error: RMS=0.0302276, max=0.0844713 (L.Acromium)
Frame 83 (t=1.38333):	total squared error = 0.0282764, marker error: RMS=0.0302017, max=0.088199 (L.Acromium)
Frame 84 (t=1.4):	total squared error = 0.02844, marker error: RMS=0.0302889, max=0.0919895 (L.Acromium)
Frame 85 (t=1.41667):	total squared error = 0.0288136, marker error: RMS=0.0304872, max=0.0948106 (L.Acromium)
Frame 86 (t=1.43333):	total squared error = 0.0293498, marker error: RMS=0.0307696, max=0.0974745 (L.Acromium)
Frame 87 (t=1.45):	total squared error = 0.0299856, marker error: RMS=0.0311011, max=0.098433 (L.Acromium)
Frame 88 (t=1.46667):	total squared error = 0.030891, marker error: RMS=0.0315671, max=0.100765 (L.Acromium)
Frame 89 (t=1.48333):	total squared error = 0.0315887, marker error: RMS=0.0319216, max=0.101671 (L.Acromium)
Frame 90 (t=1.5):	total squared error = 0.0318252, marker error: RMS=0.0320409, max=0.102438 (L.Acromium)
Frame 91 (t=1.51667):	total squared error = 0.0318226, marker error: RMS=0.0320396, max=0.10293 (L.Acromium)
Frame 92 (t=1.53333):	total squared error = 0.0315276, marker error: RMS=0.0318908, max=0.103138 (L.Acromium)
Frame 93 (t=1.55):	total squared error = 0.0314345, marker error: RMS=0.0318436, max=0.103311 (L.Acromium)
Frame 94 (t=1.56667):	total squared error = 0.0313374, marker error: RMS=0.0317944, max=0.103632 (L.Acromium)
Frame 95 (t=1.58333):	total squared error = 0.0313694, marker error: RMS=0.0318106, max=0.103933 (L.Acromium)
Frame 96 (t=1.6):	total squared error = 0.0311433, marker error: RMS=0.0316958, max=0.103947 (L.Acromium)
Frame 97 (t=1.61667):	total squared error = 0.0313731, marker error: RMS=0.0318125, max=0.104346 (L.Acromium)
Frame 98 (t=1.63333):	total squared error = 0.0315866, marker error: RMS=0.0319206, max=0.103841 (L.Acromium)
Frame 99 (t=1.65):	total squared error = 0.0315731, marker error: RMS=0.0319138, max=0.103449 (L.Acromium)
Frame 100 (t=1.66667):	total squared error = 0.0317477, marker error: RMS=0.0320018, max=0.103279 (L.Acromium)
Frame 101 (t=1.68333):	total squared error = 0.0319816, marker error: RMS=0.0321196, max=0.102978 (L.Acromium)
Frame 102 (t=1.7):	total squared error = 0.0325497, marker error: RMS=0.0324036, max=0.102528 (L.Acromium)
Frame 103 (t=1.71667):	total squared error = 0.0324891, marker error: RMS=0.0323734, max=0.102185 (L.Acromium)
Frame 104 (t=1.73333):	total squared error = 0.0314883, marker error: RMS=0.0318708, max=0.101143 (L.Acromium)
Frame 105 (t=1.75):	total squared error = 0.0306068, marker error: RMS=0.0314216, max=0.100749 (L.Acromium)
Frame 106 (t=1.76667):	total squared error = 0.0298644, marker error: RMS=0.0310382, max=0.0995917 (L.Acromium)
Frame 107 (t=1.78333):	total squared error = 0.0288935, marker error: RMS=0.0305295, max=0.098074 (L.Acromium)
Frame 108 (t=1.8):	total squared error = 0.0280116, marker error: RMS=0.0300599, max=0.0966066 (L.Acromium)
Frame 109 (t=1.81667):	total squared error = 0.0276934, marker error: RMS=0.0298887, max=0.0955166 (L.Acromium)
Frame 110 (t=1.83333):	total squared error = 0.026915, marker error: RMS=0.0294657, max=0.0942308 (L.Acromium)
Frame 111 (t=1.85):	total squared error = 0.0262967, marker error: RMS=0.0291252, max=0.0921375 (L.Acromium)
Frame 112 (t=1.86667):	total squared error = 0.025893, marker error: RMS=0.0289008, max=0.0898832 (L.Acromium)
Frame 113 (t=1.88333):	total squared error = 0.0259777, marker error: RMS=0.0289481, max=0.0877581 (L.Acromium)
Frame 114 (t=1.9):	total squared error = 0.0258784, marker error: RMS=0.0288927, max=0.0846618 (L.Acromium)
Frame 115 (t=1.91667):	total squared error = 0.0258603, marker error: RMS=0.0288826, max=0.0814423 (L.Acromium)
Frame 116 (t=1.93333):	total squared error = 0.0259753, marker error: RMS=0.0289467, max=0.0794016 (R.Acromium)
Frame 117 (t=1.95):	total squared error = 0.0256489, marker error: RMS=0.0287643, max=0.0814473 (R.Acromium)
Frame 118 (t=1.96667):	total squared error = 0.0254655, marker error: RMS=0.0286613, max=0.0842491 (R.Acromium)
Frame 119 (t=1.98333):	total squared error = 0.0252146, marker error: RMS=0.0285197, max=0.0859824 (R.Acromium)
Frame 120 (t=2):	total squared error = 0.0247015, marker error: RMS=0.0282281, max=0.0881309 (R.Acromium)
Frame 121 (t=2.01667):	total squared error = 0.0240703, marker error: RMS=0.0278651, max=0.0906952 (R.Acromium)
Frame 122 (t=2.03333):	total squared error = 0.0235728, marker error: RMS=0.0275756, max=0.0924731 (R.Acromium)
Frame 123 (t=2.05):	total squared error = 0.0231424, marker error: RMS=0.0273227, max=0.0939572 (R.Acromium)
Frame 124 (t=2.06667):	total squared error = 0.0230356, marker error: RMS=0.0272596, max=0.095479 (R.Acromium)
Frame 125 (t=2.08333):	total squared error = 0.0229191, marker error: RMS=0.0271906, max=0.0956254 (R.Acromium)
Frame 126 (t=2.1):	total squared error = 0.0226799, marker error: RMS=0.0270483, max=0.0961014 (R.Acromium)
Frame 127 (t=2.11667):	total squared error = 0.0227066, marker error: RMS=0.0270642, max=0.096739 (R.Acromium)
Frame 128 (t=2.13333):	total squared error = 0.0224206, marker error: RMS=0.0268932, max=0.0960876 (R.Acromium)
Frame 129 (t=2.15):	total squared error = 0.0223564, marker error: RMS=0.0268547, max=0.0959088 (R.Acromium)
Frame 130 (t=2.16667):	total squared error = 0.0226414, marker error: RMS=0.0270253, max=0.0961744 (R.Acromium)
Frame 131 (t=2.18333):	total squared error = 0.0226636, marker error: RMS=0.0270386, max=0.0959027 (R.Acromium)
Frame 132 (t=2.2):	total squared error = 0.0228048, marker error: RMS=0.0271227, max=0.095706 (R.Acromium)
Frame 133 (t=2.21667):	total squared error = 0.0227607, marker error: RMS=0.0270964, max=0.0951703 (R.Acromium)
Frame 134 (t=2.23333):	total squared error = 0.0229432, marker error: RMS=0.0272048, max=0.09497 (R.Acromium)
Frame 135 (t=2.25):	total squared error = 0.0230246, marker error: RMS=0.0272531, max=0.0948765 (R.Acromium)
Frame 136 (t=2.26667):	total squared error = 0.0229695, marker error: RMS=0.0272204, max=0.0944502 (R.Acromium)
Frame 137 (t=2.28333):	total squared error = 0.0231493, marker error: RMS=0.0273267, max=0.0937934 (R.Acromium)
Frame 138 (t=2.3):	total squared error = 0.0233313, marker error: RMS=0.027434, max=0.0928634 (R.Acromium)
Frame 139 (t=2.31667):	total squared error = 0.0231705, marker error: RMS=0.0273392, max=0.0914796 (R.Acromium)
Frame 140 (t=2.33333):	total squared error = 0.0234064, marker error: RMS=0.0274781, max=0.0904149 (R.Acromium)
Frame 141 (t=2.35):	total squared error = 0.0235832, marker error: RMS=0.0275817, max=0.0887333 (R.Acromium)
Frame 142 (t=2.36667):	total squared error = 0.023857, marker error: RMS=0.0277413, max=0.0865664 (R.Acromium)
Frame 143 (t=2.38333):	total squared error = 0.0238977, marker error: RMS=0.027765, max=0.0839726 (R.Acromium)
Frame 144 (t=2.4):	total squared error = 0.0240399, marker error: RMS=0.0278475, max=0.0819807 (R.Acromium)
Frame 145 (t=2.41667):	total squared error = 0.0243457, marker error: RMS=0.028024, max=0.0800531 (R.Acromium)
Frame 146 (t=2.43333):	total squared error = 0.0248537, marker error: RMS=0.0283149, max=0.077906 (R.Acromium)
Frame 147 (t=2.45):	total squared error = 0.0255617, marker error: RMS=0.0287154, max=0.0778427 (L.Acromium)
Frame 148 (t=2.46667):	total squared error = 0.0263364, marker error: RMS=0.0291472, max=0.0801441 (L.Acromium)
Frame 149 (t=2.48333):	total squared error = 0.027279, marker error: RMS=0.0296642, max=0.0837582 (L.Acromium)
Frame 150 (t=2.5):	total squared error = 0.0287007, marker error: RMS=0.0304274, max=0.0877315 (L.Acromium)
InverseKinematicsTool completed 150 frames in 1.701s

IK compute time = 1810ms
